<?xml version="1.0" encoding="UTF-8"?>
<!-- Generated by org.testng.reporters.JUnitXMLReporter -->
<testsuite ignored="4" hostname="Mayas-MBP" failures="0" tests="9" name="FireFoxTest" time="9.362" errors="0" timestamp="2023-07-22T22:00:31 EDT">
  <testcase classname="test.BasicValidations" name="pageTitleValidation" time="0.011"/>
  <testcase classname="test.BasicValidations" name="pageUrlValidation" time="0.015"/>
  <testcase classname="test.LoginValidationTest" name="blankUserNameblankPassword" time="0.109"/>
  <testcase classname="test.LoginValidationTest" name="invalidUsernameValidPassword" time="0.29"/>
  <testcase classname="test.LoginValidationTest" name="invalidUsernameinvalidPassword" time="0.205"/>
  <testcase classname="test.LoginValidationTest" name="validPassword" time="0.091"/>
  <testcase classname="test.LoginValidationTest" name="validUsername" time="0.117"/>
  <testcase classname="test.LoginValidationTest" name="validUsernameValidPassword" time="0.083"/>
  <testcase classname="test.LoginValidationTest" name="validUsernameinvalidPassword" time="0.163"/>
  <testcase classname="test.BaseTest" name="@AfterTest afterTest" time="0.0">
    <ignored/>
  </testcase> <!-- @AfterTest afterTest -->
  <testcase classname="test.BaseTest" name="@AfterTest afterTest" time="0.0">
    <ignored/>
  </testcase> <!-- @AfterTest afterTest -->
  <testcase classname="test.BaseTest" name="@BeforeTest beforeTest" time="0.0">
    <ignored/>
  </testcase> <!-- @BeforeTest beforeTest -->
  <testcase classname="test.BaseTest" name="@BeforeTest beforeTest" time="0.0">
    <ignored/>
  </testcase> <!-- @BeforeTest beforeTest -->
</testsuite> <!-- FireFoxTest -->
