<?xml version="1.0" encoding="UTF-8"?>
<!-- Generated by org.testng.reporters.JUnitXMLReporter -->
<testsuite ignored="4" hostname="Mayas-MBP.lan" failures="0" tests="9" name="FireFoxTest" time="8.352" errors="0" timestamp="2023-05-28T09:18:21 EDT">
  <testcase classname="test.LoginValidationTest" name="blankUserNameblankPassword" time="0.077"/>
  <testcase classname="test.LoginValidationTest" name="invalidUsernameValidPassword" time="0.181"/>
  <testcase classname="test.LoginValidationTest" name="invalidUsernameinvalidPassword" time="0.223"/>
  <testcase classname="test.LoginValidationTest" name="validPassword" time="0.123"/>
  <testcase classname="test.LoginValidationTest" name="validUsername" time="0.093"/>
  <testcase classname="test.LoginValidationTest" name="validUsernameValidPassword" time="0.142"/>
  <testcase classname="test.LoginValidationTest" name="validUsernameinvalidPassword" time="0.13"/>
  <testcase classname="test.BasicValidation" name="pageTitleValidation" time="0.008"/>
  <testcase classname="test.BasicValidation" name="pageUrlValidation" time="0.014"/>
  <testcase classname="test.BaseTest" name="@AfterTest afterTest" time="0.0">
    <ignored/>
  </testcase> <!-- @AfterTest afterTest -->
  <testcase classname="test.BaseTest" name="@AfterTest afterTest" time="0.0">
    <ignored/>
  </testcase> <!-- @AfterTest afterTest -->
  <testcase classname="test.BaseTest" name="@BeforeTest beforeTest" time="0.0">
    <ignored/>
  </testcase> <!-- @BeforeTest beforeTest -->
  <testcase classname="test.BaseTest" name="@BeforeTest beforeTest" time="0.0">
    <ignored/>
  </testcase> <!-- @BeforeTest beforeTest -->
</testsuite> <!-- FireFoxTest -->
