<?xml version="1.0" encoding="UTF-8"?>
<testng-results ignored="12" total="168" passed="72" failed="84" skipped="0">
  <reporter-output>
    <line>
      <![CDATA[title = Home - Consumer Direct Care Network Florida]]>
    </line>
    <line>
      <![CDATA[Logo is displayed = true]]>
    </line>
    <line>
      <![CDATA[Logo location = (139, 51)]]>
    </line>
    <line>
      <![CDATA[Logo size = (151, 45)]]>
    </line>
    <line>
      <![CDATA[Toll free number is displayed true]]>
    </line>
    <line>
      <![CDATA[Toll free number - 877-270-9580]]>
    </line>
    <line>
      <![CDATA[Direct My Care is displayed =  true]]>
    </line>
    <line>
      <![CDATA[Direct My Care clicked]]>
    </line>
    <line>
      <![CDATA[Direct my care button is displayed = false]]>
    </line>
    <line>
      <![CDATA[Direct My Care drop down clicked]]>
    </line>
    <line>
      <![CDATA[Forms is displayed true]]>
    </line>
    <line>
      <![CDATA[Forms clicked]]>
    </line>
    <line>
      <![CDATA[Forms is displayed false]]>
    </line>
    <line>
      <![CDATA[title = Home - Consumer Direct Care Network Florida]]>
    </line>
    <line>
      <![CDATA[Logo is displayed = true]]>
    </line>
    <line>
      <![CDATA[Logo location = (139, 51)]]>
    </line>
    <line>
      <![CDATA[Logo size = (150, 45)]]>
    </line>
    <line>
      <![CDATA[Toll free number is displayed true]]>
    </line>
    <line>
      <![CDATA[Toll free number - 877-270-9580]]>
    </line>
    <line>
      <![CDATA[Direct My Care is displayed =  true]]>
    </line>
    <line>
      <![CDATA[Direct My Care clicked]]>
    </line>
    <line>
      <![CDATA[title = Home - Consumer Direct Care Network Florida]]>
    </line>
    <line>
      <![CDATA[Unitde healthcare  forms is displayed false]]>
    </line>
    <line>
      <![CDATA[Direct my care button is displayed = true]]>
    </line>
    <line>
      <![CDATA[Direct My Care drop down clicked]]>
    </line>
    <line>
      <![CDATA[Logo is displayed = true]]>
    </line>
    <line>
      <![CDATA[Logo location = (139, 51)]]>
    </line>
    <line>
      <![CDATA[Logo size = (150, 45)]]>
    </line>
    <line>
      <![CDATA[Forms is displayed true]]>
    </line>
    <line>
      <![CDATA[Toll free number is displayed true]]>
    </line>
    <line>
      <![CDATA[Molina healthchare forms is displayed false]]>
    </line>
    <line>
      <![CDATA[Forms clicked]]>
    </line>
    <line>
      <![CDATA[Toll free number - 877-270-9580]]>
    </line>
    <line>
      <![CDATA[Forms button clicked]]>
    </line>
    <line>
      <![CDATA[Page title = Forms - Consumer Direct Care Network Florida]]>
    </line>
    <line>
      <![CDATA[Direct My Care clicked]]>
    </line>
    <line>
      <![CDATA[Direct my care button is displayed = true]]>
    </line>
    <line>
      <![CDATA[Direct My Care drop down clicked]]>
    </line>
    <line>
      <![CDATA[title = Home - Consumer Direct Care Network Florida]]>
    </line>
    <line>
      <![CDATA[Logo is displayed = true]]>
    </line>
    <line>
      <![CDATA[Logo location = (134, 51)]]>
    </line>
    <line>
      <![CDATA[Logo size = (150, 45)]]>
    </line>
    <line>
      <![CDATA[Toll free number is displayed true]]>
    </line>
    <line>
      <![CDATA[Toll free number - 877-270-9580]]>
    </line>
    <line>
      <![CDATA[Direct My Care is displayed =  true]]>
    </line>
    <line>
      <![CDATA[Direct My Care clicked]]>
    </line>
    <line>
      <![CDATA[Direct my care button is displayed = true]]>
    </line>
    <line>
      <![CDATA[Direct My Care drop down clicked]]>
    </line>
    <line>
      <![CDATA[Direct My Care button is clicked]]>
    </line>
    <line>
      <![CDATA[Page title = Consumer Direct]]>
    </line>
    <line>
      <![CDATA[Forms is displayed true]]>
    </line>
    <line>
      <![CDATA[Resources is displayed = true]]>
    </line>
    <line>
      <![CDATA[Resources is displayed = true]]>
    </line>
    <line>
      <![CDATA[Forms clicked]]>
    </line>
    <line>
      <![CDATA[Resources clicked]]>
    </line>
    <line>
      <![CDATA[Resources clicked]]>
    </line>
    <line>
      <![CDATA[Forms is displayed false]]>
    </line>
    <line>
      <![CDATA[Resources is displayed = false]]>
    </line>
    <line>
      <![CDATA[Resources is displayed = false]]>
    </line>
    <line>
      <![CDATA[Unitde healthcare  forms is displayed true]]>
    </line>
    <line>
      <![CDATA[Molina healthcare forms button clicked]]>
    </line>
    <line>
      <![CDATA[Page title = Molina Healthcare Forms - Consumer Direct Care Network Florida]]>
    </line>
    <line>
      <![CDATA[Training Materials is displayed = true]]>
    </line>
    <line>
      <![CDATA[Training Materials clicked]]>
    </line>
    <line>
      <![CDATA[Training Materials is diplayed = true]]>
    </line>
    <line>
      <![CDATA[Molina healthcare forms button clicked]]>
    </line>
    <line>
      <![CDATA[Page title = Molina Healthcare Forms - Consumer Direct Care Network Florida]]>
    </line>
    <line>
      <![CDATA[Resources is displayed = true]]>
    </line>
    <line>
      <![CDATA[Resources clicked]]>
    </line>
    <line>
      <![CDATA[Work Injury Hotline button clicked]]>
    </line>
    <line>
      <![CDATA[Page title = Work Injury Hotline - Consumer Direct Care Network Florida]]>
    </line>
    <line>
      <![CDATA[Resources is displayed = false]]>
    </line>
    <line>
      <![CDATA[Provider Directory is displayed = false]]>
    </line>
    <line>
      <![CDATA[News is displayed = false]]>
    </line>
    <line>
      <![CDATA[Resources is displayed = true]]>
    </line>
    <line>
      <![CDATA[Work Injury Hotline is displayed = false]]>
    </line>
    <line>
      <![CDATA[About is displayed = true]]>
    </line>
    <line>
      <![CDATA[Resources clicked]]>
    </line>
    <line>
      <![CDATA[Fraud Prevention is displayed = false]]>
    </line>
    <line>
      <![CDATA[About is clicked]]>
    </line>
    <line>
      <![CDATA[Resources is displayed = false]]>
    </line>
    <line>
      <![CDATA[Careers is displayed = false]]>
    </line>
    <line>
      <![CDATA[About is displayed = true]]>
    </line>
    <line>
      <![CDATA[About button is displayed = true]]>
    </line>
    <line>
      <![CDATA[Provider Directory is displayed = false]]>
    </line>
    <line>
      <![CDATA[About is clicked]]>
    </line>
    <line>
      <![CDATA[Services is displayed = false]]>
    </line>
    <line>
      <![CDATA[News is displayed = false]]>
    </line>
    <line>
      <![CDATA[About button is displayed = false]]>
    </line>
    <line>
      <![CDATA[Who we are is displayed = false]]>
    </line>
    <line>
      <![CDATA[Work Injury Hotline is displayed = true]]>
    </line>
    <line>
      <![CDATA[Provider Directory button clicked]]>
    </line>
    <line>
      <![CDATA[Services is displayed = false]]>
    </line>
    <line>
      <![CDATA[Our Brand is displayed = false]]>
    </line>
    <line>
      <![CDATA[Fraud Prevention is displayed = false]]>
    </line>
    <line>
      <![CDATA[Page title = Provider Directory App]]>
    </line>
    <line>
      <![CDATA[News button clicked]]>
    </line>
    <line>
      <![CDATA[Page title = News - Consumer Direct Care Network Florida]]>
    </line>
    <line>
      <![CDATA[Our Locations button clicked]]>
    </line>
    <line>
      <![CDATA[Page title = Our Locations - Consumer Direct Care Network Florida]]>
    </line>
    <line>
      <![CDATA[About is displayed = true]]>
    </line>
    <line>
      <![CDATA[About is clicked]]>
    </line>
    <line>
      <![CDATA[Search button is displayed = true]]>
    </line>
    <line>
      <![CDATA[Search button is displayed = true]]>
    </line>
    <line>
      <![CDATA[About button is displayed = true]]>
    </line>
    <line>
      <![CDATA[Search button clicked]]>
    </line>
    <line>
      <![CDATA[About is displayed = true]]>
    </line>
    <line>
      <![CDATA[Search button clicked]]>
    </line>
    <line>
      <![CDATA[Services is displayed = false]]>
    </line>
    <line>
      <![CDATA[Search site is displayed = false]]>
    </line>
    <line>
      <![CDATA[About is clicked]]>
    </line>
    <line>
      <![CDATA[Search site is displayed = false]]>
    </line>
    <line>
      <![CDATA[Who we are is displayed = true]]>
    </line>
    <line>
      <![CDATA[About button is displayed = true]]>
    </line>
    <line>
      <![CDATA[Our Brand is displayed = true]]>
    </line>
    <line>
      <![CDATA[Services is displayed = true]]>
    </line>
    <line>
      <![CDATA[Our Locations is displayed = true]]>
    </line>
    <line>
      <![CDATA[Who we are is displayed = true]]>
    </line>
    <line>
      <![CDATA[Contact is displayed = true]]>
    </line>
    <line>
      <![CDATA[Our Brand is displayed = true]]>
    </line>
    <line>
      <![CDATA[About button clicked]]>
    </line>
    <line>
      <![CDATA[Page title = About - Consumer Direct Care Network Florida]]>
    </line>
    <line>
      <![CDATA[Our Locations is displayed = false]]>
    </line>
    <line>
      <![CDATA[Scrolled down]]>
    </line>
    <line>
      <![CDATA[Scrolled down]]>
    </line>
    <line>
      <![CDATA[Contact is displayed = false]]>
    </line>
    <line>
      <![CDATA[Click here to login clicked]]>
    </line>
    <line>
      <![CDATA[Sign in button clicked]]>
    </line>
    <line>
      <![CDATA[Sign in button clicked]]>
    </line>
    <line>
      <![CDATA[Scrolled down]]>
    </line>
    <line>
      <![CDATA[Scrolled down]]>
    </line>
    <line>
      <![CDATA[Sign in button clicked]]>
    </line>
    <line>
      <![CDATA[Sign in button clicked]]>
    </line>
    <line>
      <![CDATA[Log in with invalid email and invalid password]]>
    </line>
    <line>
      <![CDATA[Log in with invalid email and invalid password]]>
    </line>
    <line>
      <![CDATA[Log in with invalid email and invalid password]]>
    </line>
    <line>
      <![CDATA[Log in with invalid email and invalid password]]>
    </line>
    <line>
      <![CDATA[Error message is displayed = false]]>
    </line>
    <line>
      <![CDATA[Error message is displayed = false]]>
    </line>
    <line>
      <![CDATA[Error message is displayed = false]]>
    </line>
    <line>
      <![CDATA[Error message is displayed = false]]>
    </line>
  </reporter-output>
  <suite started-at="2023-07-24T15:19:54 EDT" name="Suite" finished-at="2023-07-24T15:20:37 EDT" duration-ms="42573">
    <groups>
    </groups>
    <test started-at="2023-07-24T15:19:54 EDT" name="EdgeTest" finished-at="2023-07-24T15:20:34 EDT" duration-ms="39503">
      <class name="test.BaseTest">
        <test-method is-config="true" signature="beforeTest(java.lang.String,java.lang.String)[pri:0, instance:test.BaseTest@1139b2f3]" started-at="2023-07-24T15:19:54 EDT" name="beforeTest" finished-at="2023-07-24T15:20:11 EDT" duration-ms="17106" status="PASS">
          <params>
            <param index="0">
              <value>
                <![CDATA[Edge]]>
              </value>
            </param>
            <param index="1">
              <value>
                <![CDATA[https://www.consumerdirectfl.com]]>
              </value>
            </param>
          </params>
          <reporter-output>
          </reporter-output>
        </test-method> <!-- beforeTest -->
        <test-method is-config="true" signature="afterTest()[pri:0, instance:test.BaseTest@1139b2f3]" started-at="2023-07-24T15:20:33 EDT" name="afterTest" finished-at="2023-07-24T15:20:34 EDT" duration-ms="229" status="PASS">
          <reporter-output>
          </reporter-output>
        </test-method> <!-- afterTest -->
      </class> <!-- test.BaseTest -->
      <class name="test.HomePageValidationTest">
        <test-method signature="HPTC100()[pri:0, instance:test.HomePageValidationTest@7a69b07]" started-at="2023-07-24T15:20:11 EDT" name="HPTC100" finished-at="2023-07-24T15:20:11 EDT" duration-ms="12" status="PASS">
          <reporter-output>
            <line>
              <![CDATA[title = Home - Consumer Direct Care Network Florida]]>
            </line>
          </reporter-output>
        </test-method> <!-- HPTC100 -->
        <test-method signature="HPTC101()[pri:0, instance:test.HomePageValidationTest@7a69b07]" started-at="2023-07-24T15:20:11 EDT" name="HPTC101" finished-at="2023-07-24T15:20:11 EDT" duration-ms="49" status="PASS">
          <reporter-output>
            <line>
              <![CDATA[Logo is displayed = true]]>
            </line>
          </reporter-output>
        </test-method> <!-- HPTC101 -->
        <test-method signature="HPTC102()[pri:0, instance:test.HomePageValidationTest@7a69b07]" started-at="2023-07-24T15:20:11 EDT" name="HPTC102" finished-at="2023-07-24T15:20:11 EDT" duration-ms="28" status="PASS">
          <reporter-output>
            <line>
              <![CDATA[Logo location = (134, 51)]]>
            </line>
          </reporter-output>
        </test-method> <!-- HPTC102 -->
        <test-method signature="HPTC103()[pri:0, instance:test.HomePageValidationTest@7a69b07]" started-at="2023-07-24T15:20:11 EDT" name="HPTC103" finished-at="2023-07-24T15:20:11 EDT" duration-ms="24" status="PASS">
          <reporter-output>
            <line>
              <![CDATA[Logo size = (150, 45)]]>
            </line>
          </reporter-output>
        </test-method> <!-- HPTC103 -->
        <test-method signature="HPTC104()[pri:0, instance:test.HomePageValidationTest@7a69b07]" started-at="2023-07-24T15:20:11 EDT" name="HPTC104" finished-at="2023-07-24T15:20:11 EDT" duration-ms="59" status="PASS">
          <reporter-output>
            <line>
              <![CDATA[Toll free number is displayed true]]>
            </line>
          </reporter-output>
        </test-method> <!-- HPTC104 -->
        <test-method signature="HPTC105()[pri:0, instance:test.HomePageValidationTest@7a69b07]" started-at="2023-07-24T15:20:11 EDT" name="HPTC105" finished-at="2023-07-24T15:20:11 EDT" duration-ms="36" status="PASS">
          <reporter-output>
            <line>
              <![CDATA[Toll free number - 877-270-9580]]>
            </line>
          </reporter-output>
        </test-method> <!-- HPTC105 -->
        <test-method signature="HPTC107()[pri:0, instance:test.HomePageValidationTest@7a69b07]" started-at="2023-07-24T15:20:11 EDT" name="HPTC107" finished-at="2023-07-24T15:20:11 EDT" duration-ms="35" status="PASS">
          <reporter-output>
            <line>
              <![CDATA[Direct My Care is displayed =  true]]>
            </line>
          </reporter-output>
        </test-method> <!-- HPTC107 -->
        <test-method signature="HPTC108()[pri:0, instance:test.HomePageValidationTest@7a69b07]" started-at="2023-07-24T15:20:11 EDT" name="HPTC108" finished-at="2023-07-24T15:20:12 EDT" duration-ms="131" status="PASS">
          <reporter-output>
            <line>
              <![CDATA[Direct My Care clicked]]>
            </line>
            <line>
              <![CDATA[Direct my care button is displayed = true]]>
            </line>
            <line>
              <![CDATA[Direct My Care drop down clicked]]>
            </line>
          </reporter-output>
        </test-method> <!-- HPTC108 -->
        <test-method signature="HPTC109()[pri:0, instance:test.HomePageValidationTest@7a69b07]" started-at="2023-07-24T15:20:12 EDT" name="HPTC109" finished-at="2023-07-24T15:20:15 EDT" duration-ms="3345" status="PASS">
          <reporter-output>
            <line>
              <![CDATA[Direct My Care button is clicked]]>
            </line>
            <line>
              <![CDATA[Page title = Consumer Direct]]>
            </line>
          </reporter-output>
        </test-method> <!-- HPTC109 -->
        <test-method signature="HPTC110()[pri:0, instance:test.HomePageValidationTest@7a69b07]" started-at="2023-07-24T15:20:15 EDT" name="HPTC110" finished-at="2023-07-24T15:20:15 EDT" duration-ms="146" status="PASS">
          <reporter-output>
            <line>
              <![CDATA[Forms is displayed true]]>
            </line>
          </reporter-output>
        </test-method> <!-- HPTC110 -->
        <test-method signature="HPTC111()[pri:0, instance:test.HomePageValidationTest@7a69b07]" started-at="2023-07-24T15:20:15 EDT" name="HPTC111" finished-at="2023-07-24T15:20:16 EDT" duration-ms="1154" status="FAIL">
          <exception class="org.openqa.selenium.StaleElementReferenceException">
            <message>
              <![CDATA[stale element reference: stale element not found
  (Session info: MicrosoftEdge=115.0.1901.183)
For documentation on this error, please visit: https://www.selenium.dev/documentation/webdriver/troubleshooting/errors#stale-element-reference-exception
Build info: version: '4.10.0', revision: 'c14d967899'
System info: os.name: 'Mac OS X', os.arch: 'x86_64', os.version: '13.2.1', java.version: '20.0.1'
Driver info: org.openqa.selenium.edge.EdgeDriver
Command: [9041ca25ab96da0547598828ee54c91d, isElementDisplayed {id=68EAE8689DE60E03D523934D8E8F9C26_element_38}]
Capabilities {acceptInsecureCerts: false, browserName: msedge, browserVersion: 115.0.1901.183, ms:edgeOptions: {debuggerAddress: localhost:50850}, msedge: {msedgedriverVersion: 115.0.1901.183 (db29db5e66a..., userDataDir: /var/folders/sw/7_rlxsz91y1...}, networkConnectionEnabled: false, pageLoadStrategy: normal, platformName: mac, proxy: Proxy(), se:cdp: ws://localhost:50850/devtoo..., se:cdpVersion: 115.0.1901.183, setWindowRect: true, strictFileInteractability: false, timeouts: {implicit: 0, pageLoad: 300000, script: 30000}, unhandledPromptBehavior: dismiss and notify, webauthn:extension:credBlob: true, webauthn:extension:largeBlob: true, webauthn:extension:minPinLength: true, webauthn:extension:prf: true, webauthn:virtualAuthenticators: true}
Element: [[EdgeDriver: msedge on mac (9041ca25ab96da0547598828ee54c91d)] -> xpath: //a[@title='Molina Healthcare Forms']]
Session ID: 9041ca25ab96da0547598828ee54c91d]]>
            </message>
            <full-stacktrace>
              <![CDATA[org.openqa.selenium.StaleElementReferenceException: stale element reference: stale element not found
  (Session info: MicrosoftEdge=115.0.1901.183)
For documentation on this error, please visit: https://www.selenium.dev/documentation/webdriver/troubleshooting/errors#stale-element-reference-exception
Build info: version: '4.10.0', revision: 'c14d967899'
System info: os.name: 'Mac OS X', os.arch: 'x86_64', os.version: '13.2.1', java.version: '20.0.1'
Driver info: org.openqa.selenium.edge.EdgeDriver
Command: [9041ca25ab96da0547598828ee54c91d, isElementDisplayed {id=68EAE8689DE60E03D523934D8E8F9C26_element_38}]
Capabilities {acceptInsecureCerts: false, browserName: msedge, browserVersion: 115.0.1901.183, ms:edgeOptions: {debuggerAddress: localhost:50850}, msedge: {msedgedriverVersion: 115.0.1901.183 (db29db5e66a..., userDataDir: /var/folders/sw/7_rlxsz91y1...}, networkConnectionEnabled: false, pageLoadStrategy: normal, platformName: mac, proxy: Proxy(), se:cdp: ws://localhost:50850/devtoo..., se:cdpVersion: 115.0.1901.183, setWindowRect: true, strictFileInteractability: false, timeouts: {implicit: 0, pageLoad: 300000, script: 30000}, unhandledPromptBehavior: dismiss and notify, webauthn:extension:credBlob: true, webauthn:extension:largeBlob: true, webauthn:extension:minPinLength: true, webauthn:extension:prf: true, webauthn:virtualAuthenticators: true}
Element: [[EdgeDriver: msedge on mac (9041ca25ab96da0547598828ee54c91d)] -> xpath: //a[@title='Molina Healthcare Forms']]
Session ID: 9041ca25ab96da0547598828ee54c91d
at java.base/jdk.internal.reflect.DirectConstructorHandleAccessor.newInstance(DirectConstructorHandleAccessor.java:67)
at java.base/java.lang.reflect.Constructor.newInstanceWithCaller(Constructor.java:500)
at java.base/java.lang.reflect.Constructor.newInstance(Constructor.java:484)
at org.openqa.selenium.remote.codec.w3c.W3CHttpResponseCodec.createException(W3CHttpResponseCodec.java:199)
at org.openqa.selenium.remote.codec.w3c.W3CHttpResponseCodec.decode(W3CHttpResponseCodec.java:132)
at org.openqa.selenium.remote.codec.w3c.W3CHttpResponseCodec.decode(W3CHttpResponseCodec.java:51)
at org.openqa.selenium.remote.HttpCommandExecutor.execute(HttpCommandExecutor.java:191)
at org.openqa.selenium.remote.service.DriverCommandExecutor.invokeExecute(DriverCommandExecutor.java:196)
at org.openqa.selenium.remote.service.DriverCommandExecutor.execute(DriverCommandExecutor.java:171)
at org.openqa.selenium.remote.RemoteWebDriver.execute(RemoteWebDriver.java:531)
at org.openqa.selenium.remote.RemoteWebElement.execute(RemoteWebElement.java:242)
at org.openqa.selenium.remote.RemoteWebElement.isDisplayed(RemoteWebElement.java:298)
at java.base/jdk.internal.reflect.DirectMethodHandleAccessor.invoke(DirectMethodHandleAccessor.java:104)
at java.base/java.lang.reflect.Method.invoke(Method.java:578)
at org.openqa.selenium.support.pagefactory.internal.LocatingElementHandler.invoke(LocatingElementHandler.java:51)
at jdk.proxy2/jdk.proxy2.$Proxy18.isDisplayed(Unknown Source)
at pom.HomePageValidation.clickForms(HomePageValidation.java:214)
at test.HomePageValidationTest.HPTC111(HomePageValidationTest.java:91)
at java.base/jdk.internal.reflect.DirectMethodHandleAccessor.invoke(DirectMethodHandleAccessor.java:104)
at java.base/java.lang.reflect.Method.invoke(Method.java:578)
at org.testng.internal.MethodInvocationHelper.invokeMethod(MethodInvocationHelper.java:133)
at org.testng.internal.TestInvoker.invokeMethod(TestInvoker.java:598)
at org.testng.internal.TestInvoker.invokeTestMethod(TestInvoker.java:173)
at org.testng.internal.MethodRunner.runInSequence(MethodRunner.java:46)
at org.testng.internal.TestInvoker$MethodInvocationAgent.invoke(TestInvoker.java:824)
at org.testng.internal.TestInvoker.invokeTestMethods(TestInvoker.java:146)
at org.testng.internal.TestMethodWorker.invokeTestMethods(TestMethodWorker.java:146)
at org.testng.internal.TestMethodWorker.run(TestMethodWorker.java:128)
at java.base/java.util.ArrayList.forEach(ArrayList.java:1511)
at org.testng.TestRunner.privateRun(TestRunner.java:794)
at org.testng.TestRunner.run(TestRunner.java:596)
at org.testng.SuiteRunner.runTest(SuiteRunner.java:377)
at org.testng.SuiteRunner.access$000(SuiteRunner.java:28)
at org.testng.SuiteRunner$SuiteWorker.run(SuiteRunner.java:418)
at org.testng.internal.thread.ThreadUtil.lambda$execute$0(ThreadUtil.java:64)
at java.base/java.util.concurrent.FutureTask.run(FutureTask.java:317)
at java.base/java.util.concurrent.ThreadPoolExecutor.runWorker(ThreadPoolExecutor.java:1144)
at java.base/java.util.concurrent.ThreadPoolExecutor$Worker.run(ThreadPoolExecutor.java:642)
at java.base/java.lang.Thread.run(Thread.java:1623)
]]>
            </full-stacktrace>
          </exception> <!-- org.openqa.selenium.StaleElementReferenceException -->
          <reporter-output>
            <line>
              <![CDATA[Forms clicked]]>
            </line>
            <line>
              <![CDATA[Forms is displayed false]]>
            </line>
            <line>
              <![CDATA[Unitde healthcare  forms is displayed true]]>
            </line>
          </reporter-output>
        </test-method> <!-- HPTC111 -->
        <test-method signature="HPTC112()[pri:0, instance:test.HomePageValidationTest@7a69b07]" started-at="2023-07-24T15:20:16 EDT" name="HPTC112" finished-at="2023-07-24T15:20:17 EDT" duration-ms="486" status="FAIL">
          <exception class="org.openqa.selenium.StaleElementReferenceException">
            <message>
              <![CDATA[stale element reference: stale element not found
  (Session info: MicrosoftEdge=115.0.1901.183)
For documentation on this error, please visit: https://www.selenium.dev/documentation/webdriver/troubleshooting/errors#stale-element-reference-exception
Build info: version: '4.10.0', revision: 'c14d967899'
System info: os.name: 'Mac OS X', os.arch: 'x86_64', os.version: '13.2.1', java.version: '20.0.1'
Driver info: org.openqa.selenium.edge.EdgeDriver
Command: [9041ca25ab96da0547598828ee54c91d, clickElement {id=B5CB0DC02DAD31FE7224A8ABCDBE150A_element_46}]
Capabilities {acceptInsecureCerts: false, browserName: msedge, browserVersion: 115.0.1901.183, ms:edgeOptions: {debuggerAddress: localhost:50850}, msedge: {msedgedriverVersion: 115.0.1901.183 (db29db5e66a..., userDataDir: /var/folders/sw/7_rlxsz91y1...}, networkConnectionEnabled: false, pageLoadStrategy: normal, platformName: mac, proxy: Proxy(), se:cdp: ws://localhost:50850/devtoo..., se:cdpVersion: 115.0.1901.183, setWindowRect: true, strictFileInteractability: false, timeouts: {implicit: 0, pageLoad: 300000, script: 30000}, unhandledPromptBehavior: dismiss and notify, webauthn:extension:credBlob: true, webauthn:extension:largeBlob: true, webauthn:extension:minPinLength: true, webauthn:extension:prf: true, webauthn:virtualAuthenticators: true}
Element: [[EdgeDriver: msedge on mac (9041ca25ab96da0547598828ee54c91d)] -> xpath: //a[@title='Forms' and @href='https://consumerdirectfl.com/forms/']]
Session ID: 9041ca25ab96da0547598828ee54c91d]]>
            </message>
            <full-stacktrace>
              <![CDATA[org.openqa.selenium.StaleElementReferenceException: stale element reference: stale element not found
  (Session info: MicrosoftEdge=115.0.1901.183)
For documentation on this error, please visit: https://www.selenium.dev/documentation/webdriver/troubleshooting/errors#stale-element-reference-exception
Build info: version: '4.10.0', revision: 'c14d967899'
System info: os.name: 'Mac OS X', os.arch: 'x86_64', os.version: '13.2.1', java.version: '20.0.1'
Driver info: org.openqa.selenium.edge.EdgeDriver
Command: [9041ca25ab96da0547598828ee54c91d, clickElement {id=B5CB0DC02DAD31FE7224A8ABCDBE150A_element_46}]
Capabilities {acceptInsecureCerts: false, browserName: msedge, browserVersion: 115.0.1901.183, ms:edgeOptions: {debuggerAddress: localhost:50850}, msedge: {msedgedriverVersion: 115.0.1901.183 (db29db5e66a..., userDataDir: /var/folders/sw/7_rlxsz91y1...}, networkConnectionEnabled: false, pageLoadStrategy: normal, platformName: mac, proxy: Proxy(), se:cdp: ws://localhost:50850/devtoo..., se:cdpVersion: 115.0.1901.183, setWindowRect: true, strictFileInteractability: false, timeouts: {implicit: 0, pageLoad: 300000, script: 30000}, unhandledPromptBehavior: dismiss and notify, webauthn:extension:credBlob: true, webauthn:extension:largeBlob: true, webauthn:extension:minPinLength: true, webauthn:extension:prf: true, webauthn:virtualAuthenticators: true}
Element: [[EdgeDriver: msedge on mac (9041ca25ab96da0547598828ee54c91d)] -> xpath: //a[@title='Forms' and @href='https://consumerdirectfl.com/forms/']]
Session ID: 9041ca25ab96da0547598828ee54c91d
at java.base/jdk.internal.reflect.DirectConstructorHandleAccessor.newInstance(DirectConstructorHandleAccessor.java:67)
at java.base/java.lang.reflect.Constructor.newInstanceWithCaller(Constructor.java:500)
at java.base/java.lang.reflect.Constructor.newInstance(Constructor.java:484)
at org.openqa.selenium.remote.codec.w3c.W3CHttpResponseCodec.createException(W3CHttpResponseCodec.java:199)
at org.openqa.selenium.remote.codec.w3c.W3CHttpResponseCodec.decode(W3CHttpResponseCodec.java:132)
at org.openqa.selenium.remote.codec.w3c.W3CHttpResponseCodec.decode(W3CHttpResponseCodec.java:51)
at org.openqa.selenium.remote.HttpCommandExecutor.execute(HttpCommandExecutor.java:191)
at org.openqa.selenium.remote.service.DriverCommandExecutor.invokeExecute(DriverCommandExecutor.java:196)
at org.openqa.selenium.remote.service.DriverCommandExecutor.execute(DriverCommandExecutor.java:171)
at org.openqa.selenium.remote.RemoteWebDriver.execute(RemoteWebDriver.java:531)
at org.openqa.selenium.remote.RemoteWebElement.execute(RemoteWebElement.java:242)
at org.openqa.selenium.remote.RemoteWebElement.click(RemoteWebElement.java:77)
at java.base/jdk.internal.reflect.DirectMethodHandleAccessor.invoke(DirectMethodHandleAccessor.java:104)
at java.base/java.lang.reflect.Method.invoke(Method.java:578)
at org.openqa.selenium.support.pagefactory.internal.LocatingElementHandler.invoke(LocatingElementHandler.java:51)
at jdk.proxy2/jdk.proxy2.$Proxy18.click(Unknown Source)
at pom.HomePageValidation.clickFormsBtn(HomePageValidation.java:219)
at test.HomePageValidationTest.HPTC112(HomePageValidationTest.java:100)
at java.base/jdk.internal.reflect.DirectMethodHandleAccessor.invoke(DirectMethodHandleAccessor.java:104)
at java.base/java.lang.reflect.Method.invoke(Method.java:578)
at org.testng.internal.MethodInvocationHelper.invokeMethod(MethodInvocationHelper.java:133)
at org.testng.internal.TestInvoker.invokeMethod(TestInvoker.java:598)
at org.testng.internal.TestInvoker.invokeTestMethod(TestInvoker.java:173)
at org.testng.internal.MethodRunner.runInSequence(MethodRunner.java:46)
at org.testng.internal.TestInvoker$MethodInvocationAgent.invoke(TestInvoker.java:824)
at org.testng.internal.TestInvoker.invokeTestMethods(TestInvoker.java:146)
at org.testng.internal.TestMethodWorker.invokeTestMethods(TestMethodWorker.java:146)
at org.testng.internal.TestMethodWorker.run(TestMethodWorker.java:128)
at java.base/java.util.ArrayList.forEach(ArrayList.java:1511)
at org.testng.TestRunner.privateRun(TestRunner.java:794)
at org.testng.TestRunner.run(TestRunner.java:596)
at org.testng.SuiteRunner.runTest(SuiteRunner.java:377)
at org.testng.SuiteRunner.access$000(SuiteRunner.java:28)
at org.testng.SuiteRunner$SuiteWorker.run(SuiteRunner.java:418)
at org.testng.internal.thread.ThreadUtil.lambda$execute$0(ThreadUtil.java:64)
at java.base/java.util.concurrent.FutureTask.run(FutureTask.java:317)
at java.base/java.util.concurrent.ThreadPoolExecutor.runWorker(ThreadPoolExecutor.java:1144)
at java.base/java.util.concurrent.ThreadPoolExecutor$Worker.run(ThreadPoolExecutor.java:642)
at java.base/java.lang.Thread.run(Thread.java:1623)
]]>
            </full-stacktrace>
          </exception> <!-- org.openqa.selenium.StaleElementReferenceException -->
          <reporter-output>
          </reporter-output>
        </test-method> <!-- HPTC112 -->
        <test-method signature="HPTC113()[pri:0, instance:test.HomePageValidationTest@7a69b07]" started-at="2023-07-24T15:20:17 EDT" name="HPTC113" finished-at="2023-07-24T15:20:17 EDT" duration-ms="394" status="FAIL">
          <exception class="org.openqa.selenium.ElementNotInteractableException">
            <message>
              <![CDATA[element not interactable
  (Session info: MicrosoftEdge=115.0.1901.183)
Build info: version: '4.10.0', revision: 'c14d967899'
System info: os.name: 'Mac OS X', os.arch: 'x86_64', os.version: '13.2.1', java.version: '20.0.1'
Driver info: org.openqa.selenium.edge.EdgeDriver
Command: [9041ca25ab96da0547598828ee54c91d, clickElement {id=97A801E9E53F4E69AC6514198D6A6A3E_element_67}]
Capabilities {acceptInsecureCerts: false, browserName: msedge, browserVersion: 115.0.1901.183, ms:edgeOptions: {debuggerAddress: localhost:50850}, msedge: {msedgedriverVersion: 115.0.1901.183 (db29db5e66a..., userDataDir: /var/folders/sw/7_rlxsz91y1...}, networkConnectionEnabled: false, pageLoadStrategy: normal, platformName: mac, proxy: Proxy(), se:cdp: ws://localhost:50850/devtoo..., se:cdpVersion: 115.0.1901.183, setWindowRect: true, strictFileInteractability: false, timeouts: {implicit: 0, pageLoad: 300000, script: 30000}, unhandledPromptBehavior: dismiss and notify, webauthn:extension:credBlob: true, webauthn:extension:largeBlob: true, webauthn:extension:minPinLength: true, webauthn:extension:prf: true, webauthn:virtualAuthenticators: true}
Element: [[EdgeDriver: msedge on mac (9041ca25ab96da0547598828ee54c91d)] -> xpath: //a[@title='United Healthcare Forms']]
Session ID: 9041ca25ab96da0547598828ee54c91d]]>
            </message>
            <full-stacktrace>
              <![CDATA[org.openqa.selenium.ElementNotInteractableException: element not interactable
  (Session info: MicrosoftEdge=115.0.1901.183)
Build info: version: '4.10.0', revision: 'c14d967899'
System info: os.name: 'Mac OS X', os.arch: 'x86_64', os.version: '13.2.1', java.version: '20.0.1'
Driver info: org.openqa.selenium.edge.EdgeDriver
Command: [9041ca25ab96da0547598828ee54c91d, clickElement {id=97A801E9E53F4E69AC6514198D6A6A3E_element_67}]
Capabilities {acceptInsecureCerts: false, browserName: msedge, browserVersion: 115.0.1901.183, ms:edgeOptions: {debuggerAddress: localhost:50850}, msedge: {msedgedriverVersion: 115.0.1901.183 (db29db5e66a..., userDataDir: /var/folders/sw/7_rlxsz91y1...}, networkConnectionEnabled: false, pageLoadStrategy: normal, platformName: mac, proxy: Proxy(), se:cdp: ws://localhost:50850/devtoo..., se:cdpVersion: 115.0.1901.183, setWindowRect: true, strictFileInteractability: false, timeouts: {implicit: 0, pageLoad: 300000, script: 30000}, unhandledPromptBehavior: dismiss and notify, webauthn:extension:credBlob: true, webauthn:extension:largeBlob: true, webauthn:extension:minPinLength: true, webauthn:extension:prf: true, webauthn:virtualAuthenticators: true}
Element: [[EdgeDriver: msedge on mac (9041ca25ab96da0547598828ee54c91d)] -> xpath: //a[@title='United Healthcare Forms']]
Session ID: 9041ca25ab96da0547598828ee54c91d
at java.base/jdk.internal.reflect.DirectConstructorHandleAccessor.newInstance(DirectConstructorHandleAccessor.java:67)
at java.base/java.lang.reflect.Constructor.newInstanceWithCaller(Constructor.java:500)
at java.base/java.lang.reflect.Constructor.newInstance(Constructor.java:484)
at org.openqa.selenium.remote.codec.w3c.W3CHttpResponseCodec.createException(W3CHttpResponseCodec.java:199)
at org.openqa.selenium.remote.codec.w3c.W3CHttpResponseCodec.decode(W3CHttpResponseCodec.java:132)
at org.openqa.selenium.remote.codec.w3c.W3CHttpResponseCodec.decode(W3CHttpResponseCodec.java:51)
at org.openqa.selenium.remote.HttpCommandExecutor.execute(HttpCommandExecutor.java:191)
at org.openqa.selenium.remote.service.DriverCommandExecutor.invokeExecute(DriverCommandExecutor.java:196)
at org.openqa.selenium.remote.service.DriverCommandExecutor.execute(DriverCommandExecutor.java:171)
at org.openqa.selenium.remote.RemoteWebDriver.execute(RemoteWebDriver.java:531)
at org.openqa.selenium.remote.RemoteWebElement.execute(RemoteWebElement.java:242)
at org.openqa.selenium.remote.RemoteWebElement.click(RemoteWebElement.java:77)
at java.base/jdk.internal.reflect.DirectMethodHandleAccessor.invoke(DirectMethodHandleAccessor.java:104)
at java.base/java.lang.reflect.Method.invoke(Method.java:578)
at org.openqa.selenium.support.pagefactory.internal.LocatingElementHandler.invoke(LocatingElementHandler.java:51)
at jdk.proxy2/jdk.proxy2.$Proxy18.click(Unknown Source)
at pom.HomePageValidation.clickUHC(HomePageValidation.java:228)
at test.HomePageValidationTest.HPTC113(HomePageValidationTest.java:109)
at java.base/jdk.internal.reflect.DirectMethodHandleAccessor.invoke(DirectMethodHandleAccessor.java:104)
at java.base/java.lang.reflect.Method.invoke(Method.java:578)
at org.testng.internal.MethodInvocationHelper.invokeMethod(MethodInvocationHelper.java:133)
at org.testng.internal.TestInvoker.invokeMethod(TestInvoker.java:598)
at org.testng.internal.TestInvoker.invokeTestMethod(TestInvoker.java:173)
at org.testng.internal.MethodRunner.runInSequence(MethodRunner.java:46)
at org.testng.internal.TestInvoker$MethodInvocationAgent.invoke(TestInvoker.java:824)
at org.testng.internal.TestInvoker.invokeTestMethods(TestInvoker.java:146)
at org.testng.internal.TestMethodWorker.invokeTestMethods(TestMethodWorker.java:146)
at org.testng.internal.TestMethodWorker.run(TestMethodWorker.java:128)
at java.base/java.util.ArrayList.forEach(ArrayList.java:1511)
at org.testng.TestRunner.privateRun(TestRunner.java:794)
at org.testng.TestRunner.run(TestRunner.java:596)
at org.testng.SuiteRunner.runTest(SuiteRunner.java:377)
at org.testng.SuiteRunner.access$000(SuiteRunner.java:28)
at org.testng.SuiteRunner$SuiteWorker.run(SuiteRunner.java:418)
at org.testng.internal.thread.ThreadUtil.lambda$execute$0(ThreadUtil.java:64)
at java.base/java.util.concurrent.FutureTask.run(FutureTask.java:317)
at java.base/java.util.concurrent.ThreadPoolExecutor.runWorker(ThreadPoolExecutor.java:1144)
at java.base/java.util.concurrent.ThreadPoolExecutor$Worker.run(ThreadPoolExecutor.java:642)
at java.base/java.lang.Thread.run(Thread.java:1623)
]]>
            </full-stacktrace>
          </exception> <!-- org.openqa.selenium.ElementNotInteractableException -->
          <reporter-output>
          </reporter-output>
        </test-method> <!-- HPTC113 -->
        <test-method signature="HPTC114()[pri:0, instance:test.HomePageValidationTest@7a69b07]" started-at="2023-07-24T15:20:17 EDT" name="HPTC114" finished-at="2023-07-24T15:20:18 EDT" duration-ms="1096" status="PASS">
          <reporter-output>
            <line>
              <![CDATA[Molina healthcare forms button clicked]]>
            </line>
            <line>
              <![CDATA[Page title = Molina Healthcare Forms - Consumer Direct Care Network Florida]]>
            </line>
          </reporter-output>
        </test-method> <!-- HPTC114 -->
        <test-method signature="HPTC115()[pri:0, instance:test.HomePageValidationTest@7a69b07]" started-at="2023-07-24T15:20:18 EDT" name="HPTC115" finished-at="2023-07-24T15:20:19 EDT" duration-ms="514" status="FAIL">
          <exception class="org.openqa.selenium.StaleElementReferenceException">
            <message>
              <![CDATA[stale element reference: stale element not found
  (Session info: MicrosoftEdge=115.0.1901.183)
For documentation on this error, please visit: https://www.selenium.dev/documentation/webdriver/troubleshooting/errors#stale-element-reference-exception
Build info: version: '4.10.0', revision: 'c14d967899'
System info: os.name: 'Mac OS X', os.arch: 'x86_64', os.version: '13.2.1', java.version: '20.0.1'
Driver info: org.openqa.selenium.edge.EdgeDriver
Command: [9041ca25ab96da0547598828ee54c91d, isElementDisplayed {id=DDBB16235E91648C8C63C3B565880476_element_95}]
Capabilities {acceptInsecureCerts: false, browserName: msedge, browserVersion: 115.0.1901.183, ms:edgeOptions: {debuggerAddress: localhost:50850}, msedge: {msedgedriverVersion: 115.0.1901.183 (db29db5e66a..., userDataDir: /var/folders/sw/7_rlxsz91y1...}, networkConnectionEnabled: false, pageLoadStrategy: normal, platformName: mac, proxy: Proxy(), se:cdp: ws://localhost:50850/devtoo..., se:cdpVersion: 115.0.1901.183, setWindowRect: true, strictFileInteractability: false, timeouts: {implicit: 0, pageLoad: 300000, script: 30000}, unhandledPromptBehavior: dismiss and notify, webauthn:extension:credBlob: true, webauthn:extension:largeBlob: true, webauthn:extension:minPinLength: true, webauthn:extension:prf: true, webauthn:virtualAuthenticators: true}
Element: [[EdgeDriver: msedge on mac (9041ca25ab96da0547598828ee54c91d)] -> xpath: //a[@title='Training Materials']]
Session ID: 9041ca25ab96da0547598828ee54c91d]]>
            </message>
            <full-stacktrace>
              <![CDATA[org.openqa.selenium.StaleElementReferenceException: stale element reference: stale element not found
  (Session info: MicrosoftEdge=115.0.1901.183)
For documentation on this error, please visit: https://www.selenium.dev/documentation/webdriver/troubleshooting/errors#stale-element-reference-exception
Build info: version: '4.10.0', revision: 'c14d967899'
System info: os.name: 'Mac OS X', os.arch: 'x86_64', os.version: '13.2.1', java.version: '20.0.1'
Driver info: org.openqa.selenium.edge.EdgeDriver
Command: [9041ca25ab96da0547598828ee54c91d, isElementDisplayed {id=DDBB16235E91648C8C63C3B565880476_element_95}]
Capabilities {acceptInsecureCerts: false, browserName: msedge, browserVersion: 115.0.1901.183, ms:edgeOptions: {debuggerAddress: localhost:50850}, msedge: {msedgedriverVersion: 115.0.1901.183 (db29db5e66a..., userDataDir: /var/folders/sw/7_rlxsz91y1...}, networkConnectionEnabled: false, pageLoadStrategy: normal, platformName: mac, proxy: Proxy(), se:cdp: ws://localhost:50850/devtoo..., se:cdpVersion: 115.0.1901.183, setWindowRect: true, strictFileInteractability: false, timeouts: {implicit: 0, pageLoad: 300000, script: 30000}, unhandledPromptBehavior: dismiss and notify, webauthn:extension:credBlob: true, webauthn:extension:largeBlob: true, webauthn:extension:minPinLength: true, webauthn:extension:prf: true, webauthn:virtualAuthenticators: true}
Element: [[EdgeDriver: msedge on mac (9041ca25ab96da0547598828ee54c91d)] -> xpath: //a[@title='Training Materials']]
Session ID: 9041ca25ab96da0547598828ee54c91d
at java.base/jdk.internal.reflect.DirectConstructorHandleAccessor.newInstance(DirectConstructorHandleAccessor.java:67)
at java.base/java.lang.reflect.Constructor.newInstanceWithCaller(Constructor.java:500)
at java.base/java.lang.reflect.Constructor.newInstance(Constructor.java:484)
at org.openqa.selenium.remote.codec.w3c.W3CHttpResponseCodec.createException(W3CHttpResponseCodec.java:199)
at org.openqa.selenium.remote.codec.w3c.W3CHttpResponseCodec.decode(W3CHttpResponseCodec.java:132)
at org.openqa.selenium.remote.codec.w3c.W3CHttpResponseCodec.decode(W3CHttpResponseCodec.java:51)
at org.openqa.selenium.remote.HttpCommandExecutor.execute(HttpCommandExecutor.java:191)
at org.openqa.selenium.remote.service.DriverCommandExecutor.invokeExecute(DriverCommandExecutor.java:196)
at org.openqa.selenium.remote.service.DriverCommandExecutor.execute(DriverCommandExecutor.java:171)
at org.openqa.selenium.remote.RemoteWebDriver.execute(RemoteWebDriver.java:531)
at org.openqa.selenium.remote.RemoteWebElement.execute(RemoteWebElement.java:242)
at org.openqa.selenium.remote.RemoteWebElement.isDisplayed(RemoteWebElement.java:298)
at java.base/jdk.internal.reflect.DirectMethodHandleAccessor.invoke(DirectMethodHandleAccessor.java:104)
at java.base/java.lang.reflect.Method.invoke(Method.java:578)
at org.openqa.selenium.support.pagefactory.internal.LocatingElementHandler.invoke(LocatingElementHandler.java:51)
at jdk.proxy2/jdk.proxy2.$Proxy18.isDisplayed(Unknown Source)
at pom.HomePageValidation.isDisplayedTrainingMaterials(HomePageValidation.java:252)
at test.HomePageValidationTest.HPTC115(HomePageValidationTest.java:126)
at java.base/jdk.internal.reflect.DirectMethodHandleAccessor.invoke(DirectMethodHandleAccessor.java:104)
at java.base/java.lang.reflect.Method.invoke(Method.java:578)
at org.testng.internal.MethodInvocationHelper.invokeMethod(MethodInvocationHelper.java:133)
at org.testng.internal.TestInvoker.invokeMethod(TestInvoker.java:598)
at org.testng.internal.TestInvoker.invokeTestMethod(TestInvoker.java:173)
at org.testng.internal.MethodRunner.runInSequence(MethodRunner.java:46)
at org.testng.internal.TestInvoker$MethodInvocationAgent.invoke(TestInvoker.java:824)
at org.testng.internal.TestInvoker.invokeTestMethods(TestInvoker.java:146)
at org.testng.internal.TestMethodWorker.invokeTestMethods(TestMethodWorker.java:146)
at org.testng.internal.TestMethodWorker.run(TestMethodWorker.java:128)
at java.base/java.util.ArrayList.forEach(ArrayList.java:1511)
at org.testng.TestRunner.privateRun(TestRunner.java:794)
at org.testng.TestRunner.run(TestRunner.java:596)
at org.testng.SuiteRunner.runTest(SuiteRunner.java:377)
at org.testng.SuiteRunner.access$000(SuiteRunner.java:28)
at org.testng.SuiteRunner$SuiteWorker.run(SuiteRunner.java:418)
at org.testng.internal.thread.ThreadUtil.lambda$execute$0(ThreadUtil.java:64)
at java.base/java.util.concurrent.FutureTask.run(FutureTask.java:317)
at java.base/java.util.concurrent.ThreadPoolExecutor.runWorker(ThreadPoolExecutor.java:1144)
at java.base/java.util.concurrent.ThreadPoolExecutor$Worker.run(ThreadPoolExecutor.java:642)
at java.base/java.lang.Thread.run(Thread.java:1623)
]]>
            </full-stacktrace>
          </exception> <!-- org.openqa.selenium.StaleElementReferenceException -->
          <reporter-output>
          </reporter-output>
        </test-method> <!-- HPTC115 -->
        <test-method signature="HPTC116()[pri:0, instance:test.HomePageValidationTest@7a69b07]" started-at="2023-07-24T15:20:19 EDT" name="HPTC116" finished-at="2023-07-24T15:20:19 EDT" duration-ms="321" status="FAIL">
          <exception class="org.openqa.selenium.StaleElementReferenceException">
            <message>
              <![CDATA[stale element reference: stale element not found
  (Session info: MicrosoftEdge=115.0.1901.183)
For documentation on this error, please visit: https://www.selenium.dev/documentation/webdriver/troubleshooting/errors#stale-element-reference-exception
Build info: version: '4.10.0', revision: 'c14d967899'
System info: os.name: 'Mac OS X', os.arch: 'x86_64', os.version: '13.2.1', java.version: '20.0.1'
Driver info: org.openqa.selenium.edge.EdgeDriver
Command: [9041ca25ab96da0547598828ee54c91d, clickElement {id=8EBD1FEE7D2F41C7CA1E0098105EBE81_element_103}]
Capabilities {acceptInsecureCerts: false, browserName: msedge, browserVersion: 115.0.1901.183, ms:edgeOptions: {debuggerAddress: localhost:50850}, msedge: {msedgedriverVersion: 115.0.1901.183 (db29db5e66a..., userDataDir: /var/folders/sw/7_rlxsz91y1...}, networkConnectionEnabled: false, pageLoadStrategy: normal, platformName: mac, proxy: Proxy(), se:cdp: ws://localhost:50850/devtoo..., se:cdpVersion: 115.0.1901.183, setWindowRect: true, strictFileInteractability: false, timeouts: {implicit: 0, pageLoad: 300000, script: 30000}, unhandledPromptBehavior: dismiss and notify, webauthn:extension:credBlob: true, webauthn:extension:largeBlob: true, webauthn:extension:minPinLength: true, webauthn:extension:prf: true, webauthn:virtualAuthenticators: true}
Element: [[EdgeDriver: msedge on mac (9041ca25ab96da0547598828ee54c91d)] -> xpath: //a[@title='Training Materials']]
Session ID: 9041ca25ab96da0547598828ee54c91d]]>
            </message>
            <full-stacktrace>
              <![CDATA[org.openqa.selenium.StaleElementReferenceException: stale element reference: stale element not found
  (Session info: MicrosoftEdge=115.0.1901.183)
For documentation on this error, please visit: https://www.selenium.dev/documentation/webdriver/troubleshooting/errors#stale-element-reference-exception
Build info: version: '4.10.0', revision: 'c14d967899'
System info: os.name: 'Mac OS X', os.arch: 'x86_64', os.version: '13.2.1', java.version: '20.0.1'
Driver info: org.openqa.selenium.edge.EdgeDriver
Command: [9041ca25ab96da0547598828ee54c91d, clickElement {id=8EBD1FEE7D2F41C7CA1E0098105EBE81_element_103}]
Capabilities {acceptInsecureCerts: false, browserName: msedge, browserVersion: 115.0.1901.183, ms:edgeOptions: {debuggerAddress: localhost:50850}, msedge: {msedgedriverVersion: 115.0.1901.183 (db29db5e66a..., userDataDir: /var/folders/sw/7_rlxsz91y1...}, networkConnectionEnabled: false, pageLoadStrategy: normal, platformName: mac, proxy: Proxy(), se:cdp: ws://localhost:50850/devtoo..., se:cdpVersion: 115.0.1901.183, setWindowRect: true, strictFileInteractability: false, timeouts: {implicit: 0, pageLoad: 300000, script: 30000}, unhandledPromptBehavior: dismiss and notify, webauthn:extension:credBlob: true, webauthn:extension:largeBlob: true, webauthn:extension:minPinLength: true, webauthn:extension:prf: true, webauthn:virtualAuthenticators: true}
Element: [[EdgeDriver: msedge on mac (9041ca25ab96da0547598828ee54c91d)] -> xpath: //a[@title='Training Materials']]
Session ID: 9041ca25ab96da0547598828ee54c91d
at java.base/jdk.internal.reflect.DirectConstructorHandleAccessor.newInstance(DirectConstructorHandleAccessor.java:67)
at java.base/java.lang.reflect.Constructor.newInstanceWithCaller(Constructor.java:500)
at java.base/java.lang.reflect.Constructor.newInstance(Constructor.java:484)
at org.openqa.selenium.remote.codec.w3c.W3CHttpResponseCodec.createException(W3CHttpResponseCodec.java:199)
at org.openqa.selenium.remote.codec.w3c.W3CHttpResponseCodec.decode(W3CHttpResponseCodec.java:132)
at org.openqa.selenium.remote.codec.w3c.W3CHttpResponseCodec.decode(W3CHttpResponseCodec.java:51)
at org.openqa.selenium.remote.HttpCommandExecutor.execute(HttpCommandExecutor.java:191)
at org.openqa.selenium.remote.service.DriverCommandExecutor.invokeExecute(DriverCommandExecutor.java:196)
at org.openqa.selenium.remote.service.DriverCommandExecutor.execute(DriverCommandExecutor.java:171)
at org.openqa.selenium.remote.RemoteWebDriver.execute(RemoteWebDriver.java:531)
at org.openqa.selenium.remote.RemoteWebElement.execute(RemoteWebElement.java:242)
at org.openqa.selenium.remote.RemoteWebElement.click(RemoteWebElement.java:77)
at java.base/jdk.internal.reflect.DirectMethodHandleAccessor.invoke(DirectMethodHandleAccessor.java:104)
at java.base/java.lang.reflect.Method.invoke(Method.java:578)
at org.openqa.selenium.support.pagefactory.internal.LocatingElementHandler.invoke(LocatingElementHandler.java:51)
at jdk.proxy2/jdk.proxy2.$Proxy18.click(Unknown Source)
at pom.HomePageValidation.clickTrainingMaterials(HomePageValidation.java:245)
at test.HomePageValidationTest.HPTC116(HomePageValidationTest.java:133)
at java.base/jdk.internal.reflect.DirectMethodHandleAccessor.invoke(DirectMethodHandleAccessor.java:104)
at java.base/java.lang.reflect.Method.invoke(Method.java:578)
at org.testng.internal.MethodInvocationHelper.invokeMethod(MethodInvocationHelper.java:133)
at org.testng.internal.TestInvoker.invokeMethod(TestInvoker.java:598)
at org.testng.internal.TestInvoker.invokeTestMethod(TestInvoker.java:173)
at org.testng.internal.MethodRunner.runInSequence(MethodRunner.java:46)
at org.testng.internal.TestInvoker$MethodInvocationAgent.invoke(TestInvoker.java:824)
at org.testng.internal.TestInvoker.invokeTestMethods(TestInvoker.java:146)
at org.testng.internal.TestMethodWorker.invokeTestMethods(TestMethodWorker.java:146)
at org.testng.internal.TestMethodWorker.run(TestMethodWorker.java:128)
at java.base/java.util.ArrayList.forEach(ArrayList.java:1511)
at org.testng.TestRunner.privateRun(TestRunner.java:794)
at org.testng.TestRunner.run(TestRunner.java:596)
at org.testng.SuiteRunner.runTest(SuiteRunner.java:377)
at org.testng.SuiteRunner.access$000(SuiteRunner.java:28)
at org.testng.SuiteRunner$SuiteWorker.run(SuiteRunner.java:418)
at org.testng.internal.thread.ThreadUtil.lambda$execute$0(ThreadUtil.java:64)
at java.base/java.util.concurrent.FutureTask.run(FutureTask.java:317)
at java.base/java.util.concurrent.ThreadPoolExecutor.runWorker(ThreadPoolExecutor.java:1144)
at java.base/java.util.concurrent.ThreadPoolExecutor$Worker.run(ThreadPoolExecutor.java:642)
at java.base/java.lang.Thread.run(Thread.java:1623)
]]>
            </full-stacktrace>
          </exception> <!-- org.openqa.selenium.StaleElementReferenceException -->
          <reporter-output>
          </reporter-output>
        </test-method> <!-- HPTC116 -->
        <test-method signature="HPTC117()[pri:0, instance:test.HomePageValidationTest@7a69b07]" started-at="2023-07-24T15:20:19 EDT" name="HPTC117" finished-at="2023-07-24T15:20:19 EDT" duration-ms="197" status="FAIL">
          <exception class="org.openqa.selenium.ElementNotInteractableException">
            <message>
              <![CDATA[element not interactable
  (Session info: MicrosoftEdge=115.0.1901.183)
Build info: version: '4.10.0', revision: 'c14d967899'
System info: os.name: 'Mac OS X', os.arch: 'x86_64', os.version: '13.2.1', java.version: '20.0.1'
Driver info: org.openqa.selenium.edge.EdgeDriver
Command: [9041ca25ab96da0547598828ee54c91d, clickElement {id=92A7ACC0A36CF8B926B6EA5D6C726116_element_122}]
Capabilities {acceptInsecureCerts: false, browserName: msedge, browserVersion: 115.0.1901.183, ms:edgeOptions: {debuggerAddress: localhost:50850}, msedge: {msedgedriverVersion: 115.0.1901.183 (db29db5e66a..., userDataDir: /var/folders/sw/7_rlxsz91y1...}, networkConnectionEnabled: false, pageLoadStrategy: normal, platformName: mac, proxy: Proxy(), se:cdp: ws://localhost:50850/devtoo..., se:cdpVersion: 115.0.1901.183, setWindowRect: true, strictFileInteractability: false, timeouts: {implicit: 0, pageLoad: 300000, script: 30000}, unhandledPromptBehavior: dismiss and notify, webauthn:extension:credBlob: true, webauthn:extension:largeBlob: true, webauthn:extension:minPinLength: true, webauthn:extension:prf: true, webauthn:virtualAuthenticators: true}
Element: [[EdgeDriver: msedge on mac (9041ca25ab96da0547598828ee54c91d)] -> xpath: //a[@title='Training Materials' and @href='https://consumerdirectfl.com/training-materials/']]
Session ID: 9041ca25ab96da0547598828ee54c91d]]>
            </message>
            <full-stacktrace>
              <![CDATA[org.openqa.selenium.ElementNotInteractableException: element not interactable
  (Session info: MicrosoftEdge=115.0.1901.183)
Build info: version: '4.10.0', revision: 'c14d967899'
System info: os.name: 'Mac OS X', os.arch: 'x86_64', os.version: '13.2.1', java.version: '20.0.1'
Driver info: org.openqa.selenium.edge.EdgeDriver
Command: [9041ca25ab96da0547598828ee54c91d, clickElement {id=92A7ACC0A36CF8B926B6EA5D6C726116_element_122}]
Capabilities {acceptInsecureCerts: false, browserName: msedge, browserVersion: 115.0.1901.183, ms:edgeOptions: {debuggerAddress: localhost:50850}, msedge: {msedgedriverVersion: 115.0.1901.183 (db29db5e66a..., userDataDir: /var/folders/sw/7_rlxsz91y1...}, networkConnectionEnabled: false, pageLoadStrategy: normal, platformName: mac, proxy: Proxy(), se:cdp: ws://localhost:50850/devtoo..., se:cdpVersion: 115.0.1901.183, setWindowRect: true, strictFileInteractability: false, timeouts: {implicit: 0, pageLoad: 300000, script: 30000}, unhandledPromptBehavior: dismiss and notify, webauthn:extension:credBlob: true, webauthn:extension:largeBlob: true, webauthn:extension:minPinLength: true, webauthn:extension:prf: true, webauthn:virtualAuthenticators: true}
Element: [[EdgeDriver: msedge on mac (9041ca25ab96da0547598828ee54c91d)] -> xpath: //a[@title='Training Materials' and @href='https://consumerdirectfl.com/training-materials/']]
Session ID: 9041ca25ab96da0547598828ee54c91d
at java.base/jdk.internal.reflect.DirectConstructorHandleAccessor.newInstance(DirectConstructorHandleAccessor.java:67)
at java.base/java.lang.reflect.Constructor.newInstanceWithCaller(Constructor.java:500)
at java.base/java.lang.reflect.Constructor.newInstance(Constructor.java:484)
at org.openqa.selenium.remote.codec.w3c.W3CHttpResponseCodec.createException(W3CHttpResponseCodec.java:199)
at org.openqa.selenium.remote.codec.w3c.W3CHttpResponseCodec.decode(W3CHttpResponseCodec.java:132)
at org.openqa.selenium.remote.codec.w3c.W3CHttpResponseCodec.decode(W3CHttpResponseCodec.java:51)
at org.openqa.selenium.remote.HttpCommandExecutor.execute(HttpCommandExecutor.java:191)
at org.openqa.selenium.remote.service.DriverCommandExecutor.invokeExecute(DriverCommandExecutor.java:196)
at org.openqa.selenium.remote.service.DriverCommandExecutor.execute(DriverCommandExecutor.java:171)
at org.openqa.selenium.remote.RemoteWebDriver.execute(RemoteWebDriver.java:531)
at org.openqa.selenium.remote.RemoteWebElement.execute(RemoteWebElement.java:242)
at org.openqa.selenium.remote.RemoteWebElement.click(RemoteWebElement.java:77)
at java.base/jdk.internal.reflect.DirectMethodHandleAccessor.invoke(DirectMethodHandleAccessor.java:104)
at java.base/java.lang.reflect.Method.invoke(Method.java:578)
at org.openqa.selenium.support.pagefactory.internal.LocatingElementHandler.invoke(LocatingElementHandler.java:51)
at jdk.proxy2/jdk.proxy2.$Proxy18.click(Unknown Source)
at pom.HomePageValidation.clickTrainingMaterialsBtn(HomePageValidation.java:257)
at test.HomePageValidationTest.HPTC117(HomePageValidationTest.java:140)
at java.base/jdk.internal.reflect.DirectMethodHandleAccessor.invoke(DirectMethodHandleAccessor.java:104)
at java.base/java.lang.reflect.Method.invoke(Method.java:578)
at org.testng.internal.MethodInvocationHelper.invokeMethod(MethodInvocationHelper.java:133)
at org.testng.internal.TestInvoker.invokeMethod(TestInvoker.java:598)
at org.testng.internal.TestInvoker.invokeTestMethod(TestInvoker.java:173)
at org.testng.internal.MethodRunner.runInSequence(MethodRunner.java:46)
at org.testng.internal.TestInvoker$MethodInvocationAgent.invoke(TestInvoker.java:824)
at org.testng.internal.TestInvoker.invokeTestMethods(TestInvoker.java:146)
at org.testng.internal.TestMethodWorker.invokeTestMethods(TestMethodWorker.java:146)
at org.testng.internal.TestMethodWorker.run(TestMethodWorker.java:128)
at java.base/java.util.ArrayList.forEach(ArrayList.java:1511)
at org.testng.TestRunner.privateRun(TestRunner.java:794)
at org.testng.TestRunner.run(TestRunner.java:596)
at org.testng.SuiteRunner.runTest(SuiteRunner.java:377)
at org.testng.SuiteRunner.access$000(SuiteRunner.java:28)
at org.testng.SuiteRunner$SuiteWorker.run(SuiteRunner.java:418)
at org.testng.internal.thread.ThreadUtil.lambda$execute$0(ThreadUtil.java:64)
at java.base/java.util.concurrent.FutureTask.run(FutureTask.java:317)
at java.base/java.util.concurrent.ThreadPoolExecutor.runWorker(ThreadPoolExecutor.java:1144)
at java.base/java.util.concurrent.ThreadPoolExecutor$Worker.run(ThreadPoolExecutor.java:642)
at java.base/java.lang.Thread.run(Thread.java:1623)
]]>
            </full-stacktrace>
          </exception> <!-- org.openqa.selenium.ElementNotInteractableException -->
          <reporter-output>
          </reporter-output>
        </test-method> <!-- HPTC117 -->
        <test-method signature="HPTC118()[pri:0, instance:test.HomePageValidationTest@7a69b07]" started-at="2023-07-24T15:20:19 EDT" name="HPTC118" finished-at="2023-07-24T15:20:19 EDT" duration-ms="132" status="PASS">
          <reporter-output>
            <line>
              <![CDATA[Resources is displayed = true]]>
            </line>
          </reporter-output>
        </test-method> <!-- HPTC118 -->
        <test-method signature="HPTC119()[pri:0, instance:test.HomePageValidationTest@7a69b07]" started-at="2023-07-24T15:20:19 EDT" name="HPTC119" finished-at="2023-07-24T15:20:24 EDT" duration-ms="4947" status="FAIL">
          <exception class="org.openqa.selenium.StaleElementReferenceException">
            <message>
              <![CDATA[stale element reference: stale element not found
  (Session info: MicrosoftEdge=115.0.1901.183)
For documentation on this error, please visit: https://www.selenium.dev/documentation/webdriver/troubleshooting/errors#stale-element-reference-exception
Build info: version: '4.10.0', revision: 'c14d967899'
System info: os.name: 'Mac OS X', os.arch: 'x86_64', os.version: '13.2.1', java.version: '20.0.1'
Driver info: org.openqa.selenium.edge.EdgeDriver
Command: [9041ca25ab96da0547598828ee54c91d, isElementDisplayed {id=92A7ACC0A36CF8B926B6EA5D6C726116_element_125}]
Capabilities {acceptInsecureCerts: false, browserName: msedge, browserVersion: 115.0.1901.183, ms:edgeOptions: {debuggerAddress: localhost:50850}, msedge: {msedgedriverVersion: 115.0.1901.183 (db29db5e66a..., userDataDir: /var/folders/sw/7_rlxsz91y1...}, networkConnectionEnabled: false, pageLoadStrategy: normal, platformName: mac, proxy: Proxy(), se:cdp: ws://localhost:50850/devtoo..., se:cdpVersion: 115.0.1901.183, setWindowRect: true, strictFileInteractability: false, timeouts: {implicit: 0, pageLoad: 300000, script: 30000}, unhandledPromptBehavior: dismiss and notify, webauthn:extension:credBlob: true, webauthn:extension:largeBlob: true, webauthn:extension:minPinLength: true, webauthn:extension:prf: true, webauthn:virtualAuthenticators: true}
Element: [[EdgeDriver: msedge on mac (9041ca25ab96da0547598828ee54c91d)] -> xpath: //a[@title='Careers']]
Session ID: 9041ca25ab96da0547598828ee54c91d]]>
            </message>
            <full-stacktrace>
              <![CDATA[org.openqa.selenium.StaleElementReferenceException: stale element reference: stale element not found
  (Session info: MicrosoftEdge=115.0.1901.183)
For documentation on this error, please visit: https://www.selenium.dev/documentation/webdriver/troubleshooting/errors#stale-element-reference-exception
Build info: version: '4.10.0', revision: 'c14d967899'
System info: os.name: 'Mac OS X', os.arch: 'x86_64', os.version: '13.2.1', java.version: '20.0.1'
Driver info: org.openqa.selenium.edge.EdgeDriver
Command: [9041ca25ab96da0547598828ee54c91d, isElementDisplayed {id=92A7ACC0A36CF8B926B6EA5D6C726116_element_125}]
Capabilities {acceptInsecureCerts: false, browserName: msedge, browserVersion: 115.0.1901.183, ms:edgeOptions: {debuggerAddress: localhost:50850}, msedge: {msedgedriverVersion: 115.0.1901.183 (db29db5e66a..., userDataDir: /var/folders/sw/7_rlxsz91y1...}, networkConnectionEnabled: false, pageLoadStrategy: normal, platformName: mac, proxy: Proxy(), se:cdp: ws://localhost:50850/devtoo..., se:cdpVersion: 115.0.1901.183, setWindowRect: true, strictFileInteractability: false, timeouts: {implicit: 0, pageLoad: 300000, script: 30000}, unhandledPromptBehavior: dismiss and notify, webauthn:extension:credBlob: true, webauthn:extension:largeBlob: true, webauthn:extension:minPinLength: true, webauthn:extension:prf: true, webauthn:virtualAuthenticators: true}
Element: [[EdgeDriver: msedge on mac (9041ca25ab96da0547598828ee54c91d)] -> xpath: //a[@title='Careers']]
Session ID: 9041ca25ab96da0547598828ee54c91d
at java.base/jdk.internal.reflect.DirectConstructorHandleAccessor.newInstance(DirectConstructorHandleAccessor.java:67)
at java.base/java.lang.reflect.Constructor.newInstanceWithCaller(Constructor.java:500)
at java.base/java.lang.reflect.Constructor.newInstance(Constructor.java:484)
at org.openqa.selenium.remote.codec.w3c.W3CHttpResponseCodec.createException(W3CHttpResponseCodec.java:199)
at org.openqa.selenium.remote.codec.w3c.W3CHttpResponseCodec.decode(W3CHttpResponseCodec.java:132)
at org.openqa.selenium.remote.codec.w3c.W3CHttpResponseCodec.decode(W3CHttpResponseCodec.java:51)
at org.openqa.selenium.remote.HttpCommandExecutor.execute(HttpCommandExecutor.java:191)
at org.openqa.selenium.remote.service.DriverCommandExecutor.invokeExecute(DriverCommandExecutor.java:196)
at org.openqa.selenium.remote.service.DriverCommandExecutor.execute(DriverCommandExecutor.java:171)
at org.openqa.selenium.remote.RemoteWebDriver.execute(RemoteWebDriver.java:531)
at org.openqa.selenium.remote.RemoteWebElement.execute(RemoteWebElement.java:242)
at org.openqa.selenium.remote.RemoteWebElement.isDisplayed(RemoteWebElement.java:298)
at java.base/jdk.internal.reflect.DirectMethodHandleAccessor.invoke(DirectMethodHandleAccessor.java:104)
at java.base/java.lang.reflect.Method.invoke(Method.java:578)
at org.openqa.selenium.support.pagefactory.internal.LocatingElementHandler.invoke(LocatingElementHandler.java:51)
at jdk.proxy2/jdk.proxy2.$Proxy18.isDisplayed(Unknown Source)
at pom.HomePageValidation.clickResources(HomePageValidation.java:277)
at test.HomePageValidationTest.HPTC119(HomePageValidationTest.java:155)
at java.base/jdk.internal.reflect.DirectMethodHandleAccessor.invoke(DirectMethodHandleAccessor.java:104)
at java.base/java.lang.reflect.Method.invoke(Method.java:578)
at org.testng.internal.MethodInvocationHelper.invokeMethod(MethodInvocationHelper.java:133)
at org.testng.internal.TestInvoker.invokeMethod(TestInvoker.java:598)
at org.testng.internal.TestInvoker.invokeTestMethod(TestInvoker.java:173)
at org.testng.internal.MethodRunner.runInSequence(MethodRunner.java:46)
at org.testng.internal.TestInvoker$MethodInvocationAgent.invoke(TestInvoker.java:824)
at org.testng.internal.TestInvoker.invokeTestMethods(TestInvoker.java:146)
at org.testng.internal.TestMethodWorker.invokeTestMethods(TestMethodWorker.java:146)
at org.testng.internal.TestMethodWorker.run(TestMethodWorker.java:128)
at java.base/java.util.ArrayList.forEach(ArrayList.java:1511)
at org.testng.TestRunner.privateRun(TestRunner.java:794)
at org.testng.TestRunner.run(TestRunner.java:596)
at org.testng.SuiteRunner.runTest(SuiteRunner.java:377)
at org.testng.SuiteRunner.access$000(SuiteRunner.java:28)
at org.testng.SuiteRunner$SuiteWorker.run(SuiteRunner.java:418)
at org.testng.internal.thread.ThreadUtil.lambda$execute$0(ThreadUtil.java:64)
at java.base/java.util.concurrent.FutureTask.run(FutureTask.java:317)
at java.base/java.util.concurrent.ThreadPoolExecutor.runWorker(ThreadPoolExecutor.java:1144)
at java.base/java.util.concurrent.ThreadPoolExecutor$Worker.run(ThreadPoolExecutor.java:642)
at java.base/java.lang.Thread.run(Thread.java:1623)
]]>
            </full-stacktrace>
          </exception> <!-- org.openqa.selenium.StaleElementReferenceException -->
          <reporter-output>
            <line>
              <![CDATA[Resources clicked]]>
            </line>
            <line>
              <![CDATA[Resources is displayed = false]]>
            </line>
            <line>
              <![CDATA[Provider Directory is displayed = false]]>
            </line>
            <line>
              <![CDATA[News is displayed = false]]>
            </line>
            <line>
              <![CDATA[Work Injury Hotline is displayed = true]]>
            </line>
            <line>
              <![CDATA[Fraud Prevention is displayed = false]]>
            </line>
          </reporter-output>
        </test-method> <!-- HPTC119 -->
        <test-method signature="HPTC120()[pri:0, instance:test.HomePageValidationTest@7a69b07]" started-at="2023-07-24T15:20:24 EDT" name="HPTC120" finished-at="2023-07-24T15:20:24 EDT" duration-ms="142" status="FAIL">
          <exception class="org.openqa.selenium.NoSuchElementException">
            <message>
              <![CDATA[no such element: Unable to locate element: {"method":"xpath","selector":"//a[@title='Resources' and @href ='https://consumerdirectfl.com/resources/' ]"}
  (Session info: MicrosoftEdge=115.0.1901.183)
For documentation on this error, please visit: https://www.selenium.dev/documentation/webdriver/troubleshooting/errors#no-such-element-exception
Build info: version: '4.10.0', revision: 'c14d967899'
System info: os.name: 'Mac OS X', os.arch: 'x86_64', os.version: '13.2.1', java.version: '20.0.1'
Driver info: org.openqa.selenium.edge.EdgeDriver
Command: [9041ca25ab96da0547598828ee54c91d, findElement {using=xpath, value=//a[@title='Resources' and @href ='https://consumerdirectfl.com/resources/' ]}]
Capabilities {acceptInsecureCerts: false, browserName: msedge, browserVersion: 115.0.1901.183, ms:edgeOptions: {debuggerAddress: localhost:50850}, msedge: {msedgedriverVersion: 115.0.1901.183 (db29db5e66a..., userDataDir: /var/folders/sw/7_rlxsz91y1...}, networkConnectionEnabled: false, pageLoadStrategy: normal, platformName: mac, proxy: Proxy(), se:cdp: ws://localhost:50850/devtoo..., se:cdpVersion: 115.0.1901.183, setWindowRect: true, strictFileInteractability: false, timeouts: {implicit: 0, pageLoad: 300000, script: 30000}, unhandledPromptBehavior: dismiss and notify, webauthn:extension:credBlob: true, webauthn:extension:largeBlob: true, webauthn:extension:minPinLength: true, webauthn:extension:prf: true, webauthn:virtualAuthenticators: true}
Session ID: 9041ca25ab96da0547598828ee54c91d]]>
            </message>
            <full-stacktrace>
              <![CDATA[org.openqa.selenium.NoSuchElementException: no such element: Unable to locate element: {"method":"xpath","selector":"//a[@title='Resources' and @href ='https://consumerdirectfl.com/resources/' ]"}
  (Session info: MicrosoftEdge=115.0.1901.183)
For documentation on this error, please visit: https://www.selenium.dev/documentation/webdriver/troubleshooting/errors#no-such-element-exception
Build info: version: '4.10.0', revision: 'c14d967899'
System info: os.name: 'Mac OS X', os.arch: 'x86_64', os.version: '13.2.1', java.version: '20.0.1'
Driver info: org.openqa.selenium.edge.EdgeDriver
Command: [9041ca25ab96da0547598828ee54c91d, findElement {using=xpath, value=//a[@title='Resources' and @href ='https://consumerdirectfl.com/resources/' ]}]
Capabilities {acceptInsecureCerts: false, browserName: msedge, browserVersion: 115.0.1901.183, ms:edgeOptions: {debuggerAddress: localhost:50850}, msedge: {msedgedriverVersion: 115.0.1901.183 (db29db5e66a..., userDataDir: /var/folders/sw/7_rlxsz91y1...}, networkConnectionEnabled: false, pageLoadStrategy: normal, platformName: mac, proxy: Proxy(), se:cdp: ws://localhost:50850/devtoo..., se:cdpVersion: 115.0.1901.183, setWindowRect: true, strictFileInteractability: false, timeouts: {implicit: 0, pageLoad: 300000, script: 30000}, unhandledPromptBehavior: dismiss and notify, webauthn:extension:credBlob: true, webauthn:extension:largeBlob: true, webauthn:extension:minPinLength: true, webauthn:extension:prf: true, webauthn:virtualAuthenticators: true}
Session ID: 9041ca25ab96da0547598828ee54c91d
at java.base/jdk.internal.reflect.DirectConstructorHandleAccessor.newInstance(DirectConstructorHandleAccessor.java:67)
at java.base/java.lang.reflect.Constructor.newInstanceWithCaller(Constructor.java:500)
at java.base/java.lang.reflect.Constructor.newInstance(Constructor.java:484)
at org.openqa.selenium.remote.codec.w3c.W3CHttpResponseCodec.createException(W3CHttpResponseCodec.java:199)
at org.openqa.selenium.remote.codec.w3c.W3CHttpResponseCodec.decode(W3CHttpResponseCodec.java:132)
at org.openqa.selenium.remote.codec.w3c.W3CHttpResponseCodec.decode(W3CHttpResponseCodec.java:51)
at org.openqa.selenium.remote.HttpCommandExecutor.execute(HttpCommandExecutor.java:191)
at org.openqa.selenium.remote.service.DriverCommandExecutor.invokeExecute(DriverCommandExecutor.java:196)
at org.openqa.selenium.remote.service.DriverCommandExecutor.execute(DriverCommandExecutor.java:171)
at org.openqa.selenium.remote.RemoteWebDriver.execute(RemoteWebDriver.java:531)
at org.openqa.selenium.remote.ElementLocation$ElementFinder$2.findElement(ElementLocation.java:165)
at org.openqa.selenium.remote.ElementLocation.findElement(ElementLocation.java:59)
at org.openqa.selenium.remote.RemoteWebDriver.findElement(RemoteWebDriver.java:350)
at org.openqa.selenium.remote.RemoteWebDriver.findElement(RemoteWebDriver.java:344)
at org.openqa.selenium.support.pagefactory.DefaultElementLocator.findElement(DefaultElementLocator.java:68)
at org.openqa.selenium.support.pagefactory.internal.LocatingElementHandler.invoke(LocatingElementHandler.java:38)
at jdk.proxy2/jdk.proxy2.$Proxy18.click(Unknown Source)
at pom.HomePageValidation.clickResourcesBtn(HomePageValidation.java:281)
at test.HomePageValidationTest.HPTC120(HomePageValidationTest.java:163)
at java.base/jdk.internal.reflect.DirectMethodHandleAccessor.invoke(DirectMethodHandleAccessor.java:104)
at java.base/java.lang.reflect.Method.invoke(Method.java:578)
at org.testng.internal.MethodInvocationHelper.invokeMethod(MethodInvocationHelper.java:133)
at org.testng.internal.TestInvoker.invokeMethod(TestInvoker.java:598)
at org.testng.internal.TestInvoker.invokeTestMethod(TestInvoker.java:173)
at org.testng.internal.MethodRunner.runInSequence(MethodRunner.java:46)
at org.testng.internal.TestInvoker$MethodInvocationAgent.invoke(TestInvoker.java:824)
at org.testng.internal.TestInvoker.invokeTestMethods(TestInvoker.java:146)
at org.testng.internal.TestMethodWorker.invokeTestMethods(TestMethodWorker.java:146)
at org.testng.internal.TestMethodWorker.run(TestMethodWorker.java:128)
at java.base/java.util.ArrayList.forEach(ArrayList.java:1511)
at org.testng.TestRunner.privateRun(TestRunner.java:794)
at org.testng.TestRunner.run(TestRunner.java:596)
at org.testng.SuiteRunner.runTest(SuiteRunner.java:377)
at org.testng.SuiteRunner.access$000(SuiteRunner.java:28)
at org.testng.SuiteRunner$SuiteWorker.run(SuiteRunner.java:418)
at org.testng.internal.thread.ThreadUtil.lambda$execute$0(ThreadUtil.java:64)
at java.base/java.util.concurrent.FutureTask.run(FutureTask.java:317)
at java.base/java.util.concurrent.ThreadPoolExecutor.runWorker(ThreadPoolExecutor.java:1144)
at java.base/java.util.concurrent.ThreadPoolExecutor$Worker.run(ThreadPoolExecutor.java:642)
at java.base/java.lang.Thread.run(Thread.java:1623)
]]>
            </full-stacktrace>
          </exception> <!-- org.openqa.selenium.NoSuchElementException -->
          <reporter-output>
          </reporter-output>
        </test-method> <!-- HPTC120 -->
        <test-method signature="HPTC121()[pri:0, instance:test.HomePageValidationTest@7a69b07]" started-at="2023-07-24T15:20:24 EDT" name="HPTC121" finished-at="2023-07-24T15:20:25 EDT" duration-ms="121" status="FAIL">
          <exception class="org.openqa.selenium.NoSuchWindowException">
            <message>
              <![CDATA[no such window: target window already closed
from unknown error: web view not found
  (Session info: MicrosoftEdge=115.0.1901.183)
Build info: version: '4.10.0', revision: 'c14d967899'
System info: os.name: 'Mac OS X', os.arch: 'x86_64', os.version: '13.2.1', java.version: '20.0.1'
Driver info: org.openqa.selenium.edge.EdgeDriver
Command: [9041ca25ab96da0547598828ee54c91d, findElement {using=xpath, value=//a[@title='Resources']}]
Capabilities {acceptInsecureCerts: false, browserName: msedge, browserVersion: 115.0.1901.183, ms:edgeOptions: {debuggerAddress: localhost:50850}, msedge: {msedgedriverVersion: 115.0.1901.183 (db29db5e66a..., userDataDir: /var/folders/sw/7_rlxsz91y1...}, networkConnectionEnabled: false, pageLoadStrategy: normal, platformName: mac, proxy: Proxy(), se:cdp: ws://localhost:50850/devtoo..., se:cdpVersion: 115.0.1901.183, setWindowRect: true, strictFileInteractability: false, timeouts: {implicit: 0, pageLoad: 300000, script: 30000}, unhandledPromptBehavior: dismiss and notify, webauthn:extension:credBlob: true, webauthn:extension:largeBlob: true, webauthn:extension:minPinLength: true, webauthn:extension:prf: true, webauthn:virtualAuthenticators: true}
Session ID: 9041ca25ab96da0547598828ee54c91d]]>
            </message>
            <full-stacktrace>
              <![CDATA[org.openqa.selenium.NoSuchWindowException: no such window: target window already closed
from unknown error: web view not found
  (Session info: MicrosoftEdge=115.0.1901.183)
Build info: version: '4.10.0', revision: 'c14d967899'
System info: os.name: 'Mac OS X', os.arch: 'x86_64', os.version: '13.2.1', java.version: '20.0.1'
Driver info: org.openqa.selenium.edge.EdgeDriver
Command: [9041ca25ab96da0547598828ee54c91d, findElement {using=xpath, value=//a[@title='Resources']}]
Capabilities {acceptInsecureCerts: false, browserName: msedge, browserVersion: 115.0.1901.183, ms:edgeOptions: {debuggerAddress: localhost:50850}, msedge: {msedgedriverVersion: 115.0.1901.183 (db29db5e66a..., userDataDir: /var/folders/sw/7_rlxsz91y1...}, networkConnectionEnabled: false, pageLoadStrategy: normal, platformName: mac, proxy: Proxy(), se:cdp: ws://localhost:50850/devtoo..., se:cdpVersion: 115.0.1901.183, setWindowRect: true, strictFileInteractability: false, timeouts: {implicit: 0, pageLoad: 300000, script: 30000}, unhandledPromptBehavior: dismiss and notify, webauthn:extension:credBlob: true, webauthn:extension:largeBlob: true, webauthn:extension:minPinLength: true, webauthn:extension:prf: true, webauthn:virtualAuthenticators: true}
Session ID: 9041ca25ab96da0547598828ee54c91d
at java.base/jdk.internal.reflect.DirectConstructorHandleAccessor.newInstance(DirectConstructorHandleAccessor.java:67)
at java.base/java.lang.reflect.Constructor.newInstanceWithCaller(Constructor.java:500)
at java.base/java.lang.reflect.Constructor.newInstance(Constructor.java:484)
at org.openqa.selenium.remote.codec.w3c.W3CHttpResponseCodec.createException(W3CHttpResponseCodec.java:199)
at org.openqa.selenium.remote.codec.w3c.W3CHttpResponseCodec.decode(W3CHttpResponseCodec.java:132)
at org.openqa.selenium.remote.codec.w3c.W3CHttpResponseCodec.decode(W3CHttpResponseCodec.java:51)
at org.openqa.selenium.remote.HttpCommandExecutor.execute(HttpCommandExecutor.java:191)
at org.openqa.selenium.remote.service.DriverCommandExecutor.invokeExecute(DriverCommandExecutor.java:196)
at org.openqa.selenium.remote.service.DriverCommandExecutor.execute(DriverCommandExecutor.java:171)
at org.openqa.selenium.remote.RemoteWebDriver.execute(RemoteWebDriver.java:531)
at org.openqa.selenium.remote.ElementLocation$ElementFinder$2.findElement(ElementLocation.java:165)
at org.openqa.selenium.remote.ElementLocation.findElement(ElementLocation.java:59)
at org.openqa.selenium.remote.RemoteWebDriver.findElement(RemoteWebDriver.java:350)
at org.openqa.selenium.remote.RemoteWebDriver.findElement(RemoteWebDriver.java:344)
at org.openqa.selenium.support.pagefactory.DefaultElementLocator.findElement(DefaultElementLocator.java:68)
at org.openqa.selenium.support.pagefactory.internal.LocatingElementHandler.invoke(LocatingElementHandler.java:38)
at jdk.proxy2/jdk.proxy2.$Proxy18.click(Unknown Source)
at pom.HomePageValidation.clickProviderDirectory(HomePageValidation.java:289)
at test.HomePageValidationTest.HPTC121(HomePageValidationTest.java:172)
at java.base/jdk.internal.reflect.DirectMethodHandleAccessor.invoke(DirectMethodHandleAccessor.java:104)
at java.base/java.lang.reflect.Method.invoke(Method.java:578)
at org.testng.internal.MethodInvocationHelper.invokeMethod(MethodInvocationHelper.java:133)
at org.testng.internal.TestInvoker.invokeMethod(TestInvoker.java:598)
at org.testng.internal.TestInvoker.invokeTestMethod(TestInvoker.java:173)
at org.testng.internal.MethodRunner.runInSequence(MethodRunner.java:46)
at org.testng.internal.TestInvoker$MethodInvocationAgent.invoke(TestInvoker.java:824)
at org.testng.internal.TestInvoker.invokeTestMethods(TestInvoker.java:146)
at org.testng.internal.TestMethodWorker.invokeTestMethods(TestMethodWorker.java:146)
at org.testng.internal.TestMethodWorker.run(TestMethodWorker.java:128)
at java.base/java.util.ArrayList.forEach(ArrayList.java:1511)
at org.testng.TestRunner.privateRun(TestRunner.java:794)
at org.testng.TestRunner.run(TestRunner.java:596)
at org.testng.SuiteRunner.runTest(SuiteRunner.java:377)
at org.testng.SuiteRunner.access$000(SuiteRunner.java:28)
at org.testng.SuiteRunner$SuiteWorker.run(SuiteRunner.java:418)
at org.testng.internal.thread.ThreadUtil.lambda$execute$0(ThreadUtil.java:64)
at java.base/java.util.concurrent.FutureTask.run(FutureTask.java:317)
at java.base/java.util.concurrent.ThreadPoolExecutor.runWorker(ThreadPoolExecutor.java:1144)
at java.base/java.util.concurrent.ThreadPoolExecutor$Worker.run(ThreadPoolExecutor.java:642)
at java.base/java.lang.Thread.run(Thread.java:1623)
]]>
            </full-stacktrace>
          </exception> <!-- org.openqa.selenium.NoSuchWindowException -->
          <reporter-output>
          </reporter-output>
        </test-method> <!-- HPTC121 -->
        <test-method signature="HPTC122()[pri:0, instance:test.HomePageValidationTest@7a69b07]" started-at="2023-07-24T15:20:25 EDT" name="HPTC122" finished-at="2023-07-24T15:20:26 EDT" duration-ms="1191" status="PASS">
          <reporter-output>
            <line>
              <![CDATA[News button clicked]]>
            </line>
            <line>
              <![CDATA[Page title = News - Consumer Direct Care Network Florida]]>
            </line>
          </reporter-output>
        </test-method> <!-- HPTC122 -->
        <test-method signature="HPTC123()[pri:0, instance:test.HomePageValidationTest@7a69b07]" started-at="2023-07-24T15:20:26 EDT" name="HPTC123" finished-at="2023-07-24T15:20:26 EDT" duration-ms="340" status="FAIL">
          <exception class="org.openqa.selenium.ElementNotInteractableException">
            <message>
              <![CDATA[element not interactable
  (Session info: MicrosoftEdge=115.0.1901.183)
Build info: version: '4.10.0', revision: 'c14d967899'
System info: os.name: 'Mac OS X', os.arch: 'x86_64', os.version: '13.2.1', java.version: '20.0.1'
Driver info: org.openqa.selenium.edge.EdgeDriver
Command: [9041ca25ab96da0547598828ee54c91d, clickElement {id=054F283239D7D5A64893AC5312953C53_element_150}]
[...]
Build info: version: '4.10.0', revision: 'c14d967899'
System info: os.name: 'Mac OS X', os.arch: 'x86_64', os.version: '13.2.1', java.version: '20.0.1'
Driver info: org.openqa.selenium.edge.EdgeDriver
Command: [9041ca25ab96da0547598828ee54c91d, findElement {using=xpath, value=//i[@class='fa fa-search']}]
Capabilities {acceptInsecureCerts: false, browserName: msedge, browserVersion: 115.0.1901.183, ms:edgeOptions: {debuggerAddress: localhost:50850}, msedge: {msedgedriverVersion: 115.0.1901.183 (db29db5e66a..., userDataDir: /var/folders/sw/7_rlxsz91y1...}, networkConnectionEnabled: false, pageLoadStrategy: normal, platformName: mac, proxy: Proxy(), se:cdp: ws://localhost:50850/devtoo..., se:cdpVersion: 115.0.1901.183, setWindowRect: true, strictFileInteractability: false, timeouts: {implicit: 0, pageLoad: 300000, script: 30000}, unhandledPromptBehavior: dismiss and notify, webauthn:extension:credBlob: true, webauthn:extension:largeBlob: true, webauthn:extension:minPinLength: true, webauthn:extension:prf: true, webauthn:virtualAuthenticators: true}
Session ID: 9041ca25ab96da0547598828ee54c91d
at java.base/jdk.internal.reflect.DirectConstructorHandleAccessor.newInstance(DirectConstructorHandleAccessor.java:67)
at java.base/java.lang.reflect.Constructor.newInstanceWithCaller(Constructor.java:500)
at java.base/java.lang.reflect.Constructor.newInstance(Constructor.java:484)
at org.openqa.selenium.remote.codec.w3c.W3CHttpResponseCodec.createException(W3CHttpResponseCodec.java:199)
at org.openqa.selenium.remote.codec.w3c.W3CHttpResponseCodec.decode(W3CHttpResponseCodec.java:132)
at org.openqa.selenium.remote.codec.w3c.W3CHttpResponseCodec.decode(W3CHttpResponseCodec.java:51)
at org.openqa.selenium.remote.HttpCommandExecutor.execute(HttpCommandExecutor.java:191)
at org.openqa.selenium.remote.service.DriverCommandExecutor.invokeExecute(DriverCommandExecutor.java:196)
at org.openqa.selenium.remote.service.DriverCommandExecutor.execute(DriverCommandExecutor.java:171)
at org.openqa.selenium.remote.RemoteWebDriver.execute(RemoteWebDriver.java:531)
at org.openqa.selenium.remote.ElementLocation$ElementFinder$2.findElement(ElementLocation.java:165)
at org.openqa.selenium.remote.ElementLocation.findElement(ElementLocation.java:59)
at org.openqa.selenium.remote.RemoteWebDriver.findElement(RemoteWebDriver.java:350)
at org.openqa.selenium.remote.RemoteWebDriver.findElement(RemoteWebDriver.java:344)
at org.openqa.selenium.support.pagefactory.DefaultElementLocator.findElement(DefaultElementLocator.java:68)
at org.openqa.selenium.support.pagefactory.internal.LocatingElementHandler.invoke(LocatingElementHandler.java:38)
at jdk.proxy2/jdk.proxy2.$Proxy18.isDisplayed(Unknown Source)
at pom.HomePageValidation.isDisplayedSearch(HomePageValidation.java:417)
at test.HomePageValidationTest.HPTC134(HomePageValidationTest.java:284)
at java.base/jdk.internal.reflect.DirectMethodHandleAccessor.invoke(DirectMethodHandleAccessor.java:104)
at java.base/java.lang.reflect.Method.invoke(Method.java:578)
at org.testng.internal.MethodInvocationHelper.invokeMethod(MethodInvocationHelper.java:133)
at org.testng.internal.TestInvoker.invokeMethod(TestInvoker.java:598)
at org.testng.internal.TestInvoker.invokeTestMethod(TestInvoker.java:173)
at org.testng.internal.MethodRunner.runInSequence(MethodRunner.java:46)
at org.testng.internal.TestInvoker$MethodInvocationAgent.invoke(TestInvoker.java:824)
at org.testng.internal.TestInvoker.invokeTestMethods(TestInvoker.java:146)
at org.testng.internal.TestMethodWorker.invokeTestMethods(TestMethodWorker.java:146)
at org.testng.internal.TestMethodWorker.run(TestMethodWorker.java:128)
at java.base/java.util.ArrayList.forEach(ArrayList.java:1511)
at org.testng.TestRunner.privateRun(TestRunner.java:794)
at org.testng.TestRunner.run(TestRunner.java:596)
at org.testng.SuiteRunner.runTest(SuiteRunner.java:377)
at org.testng.SuiteRunner.access$000(SuiteRunner.java:28)
at org.testng.SuiteRunner$SuiteWorker.run(SuiteRunner.java:418)
at org.testng.internal.thread.ThreadUtil.lambda$execute$0(ThreadUtil.java:64)
at java.base/java.util.concurrent.FutureTask.run(FutureTask.java:317)
at java.base/java.util.concurrent.ThreadPoolExecutor.runWorker(ThreadPoolExecutor.java:1144)
at java.base/java.util.concurrent.ThreadPoolExecutor$Worker.run(ThreadPoolExecutor.java:642)
at java.base/java.lang.Thread.run(Thread.java:1623)
]]>
            </full-stacktrace>
          </exception> <!-- org.openqa.selenium.NoSuchElementException -->
          <reporter-output>
          </reporter-output>
        </test-method> <!-- HPTC134 -->
        <test-method signature="HPTC135()[pri:0, instance:test.HomePageValidationTest@30ee2816]" started-at="2023-07-24T15:20:30 EDT" name="HPTC135" finished-at="2023-07-24T15:20:30 EDT" duration-ms="18" status="FAIL">
          <exception class="org.openqa.selenium.NoSuchElementException">
            <message>
              <![CDATA[no such element: Unable to locate element: {"method":"xpath","selector":"//i[@class='fa fa-search']"}
  (Session info: MicrosoftEdge=115.0.1901.183)
For documentation on this error, please visit: https://www.selenium.dev/documentation/webdriver/troubleshooting/errors#no-such-element-exception
Build info: version: '4.10.0', revision: 'c14d967899'
System info: os.name: 'Mac OS X', os.arch: 'x86_64', os.version: '13.2.1', java.version: '20.0.1'
Driver info: org.openqa.selenium.edge.EdgeDriver
Command: [9041ca25ab96da0547598828ee54c91d, findElement {using=xpath, value=//i[@class='fa fa-search']}]
Capabilities {acceptInsecureCerts: false, browserName: msedge, browserVersion: 115.0.1901.183, ms:edgeOptions: {debuggerAddress: localhost:50850}, msedge: {msedgedriverVersion: 115.0.1901.183 (db29db5e66a..., userDataDir: /var/folders/sw/7_rlxsz91y1...}, networkConnectionEnabled: false, pageLoadStrategy: normal, platformName: mac, proxy: Proxy(), se:cdp: ws://localhost:50850/devtoo..., se:cdpVersion: 115.0.1901.183, setWindowRect: true, strictFileInteractability: false, timeouts: {implicit: 0, pageLoad: 300000, script: 30000}, unhandledPromptBehavior: dismiss and notify, webauthn:extension:credBlob: true, webauthn:extension:largeBlob: true, webauthn:extension:minPinLength: true, webauthn:extension:prf: true, webauthn:virtualAuthenticators: true}
Session ID: 9041ca25ab96da0547598828ee54c91d]]>
            </message>
            <full-stacktrace>
              <![CDATA[org.openqa.selenium.NoSuchElementException: no such element: Unable to locate element: {"method":"xpath","selector":"//i[@class='fa fa-search']"}
  (Session info: MicrosoftEdge=115.0.1901.183)
For documentation on this error, please visit: https://www.selenium.dev/documentation/webdriver/troubleshooting/errors#no-such-element-exception
Build info: version: '4.10.0', revision: 'c14d967899'
System info: os.name: 'Mac OS X', os.arch: 'x86_64', os.version: '13.2.1', java.version: '20.0.1'
Driver info: org.openqa.selenium.edge.EdgeDriver
Command: [9041ca25ab96da0547598828ee54c91d, findElement {using=xpath, value=//i[@class='fa fa-search']}]
Capabilities {acceptInsecureCerts: false, browserName: msedge, browserVersion: 115.0.1901.183, ms:edgeOptions: {debuggerAddress: localhost:50850}, msedge: {msedgedriverVersion: 115.0.1901.183 (db29db5e66a..., userDataDir: /var/folders/sw/7_rlxsz91y1...}, networkConnectionEnabled: false, pageLoadStrategy: normal, platformName: mac, proxy: Proxy(), se:cdp: ws://localhost:50850/devtoo..., se:cdpVersion: 115.0.1901.183, setWindowRect: true, strictFileInteractability: false, timeouts: {implicit: 0, pageLoad: 300000, script: 30000}, unhandledPromptBehavior: dismiss and notify, webauthn:extension:credBlob: true, webauthn:extension:largeBlob: true, webauthn:extension:minPinLength: true, webauthn:extension:prf: true, webauthn:virtualAuthenticators: true}
Session ID: 9041ca25ab96da0547598828ee54c91d
at java.base/jdk.internal.reflect.DirectConstructorHandleAccessor.newInstance(DirectConstructorHandleAccessor.java:67)
at java.base/java.lang.reflect.Constructor.newInstanceWithCaller(Constructor.java:500)
at java.base/java.lang.reflect.Constructor.newInstance(Constructor.java:484)
at org.openqa.selenium.remote.codec.w3c.W3CHttpResponseCodec.createException(W3CHttpResponseCodec.java:199)
at org.openqa.selenium.remote.codec.w3c.W3CHttpResponseCodec.decode(W3CHttpResponseCodec.java:132)
at org.openqa.selenium.remote.codec.w3c.W3CHttpResponseCodec.decode(W3CHttpResponseCodec.java:51)
at org.openqa.selenium.remote.HttpCommandExecutor.execute(HttpCommandExecutor.java:191)
at org.openqa.selenium.remote.service.DriverCommandExecutor.invokeExecute(DriverCommandExecutor.java:196)
at org.openqa.selenium.remote.service.DriverCommandExecutor.execute(DriverCommandExecutor.java:171)
at org.openqa.selenium.remote.RemoteWebDriver.execute(RemoteWebDriver.java:531)
at org.openqa.selenium.remote.ElementLocation$ElementFinder$2.findElement(ElementLocation.java:165)
at org.openqa.selenium.remote.ElementLocation.findElement(ElementLocation.java:59)
at org.openqa.selenium.remote.RemoteWebDriver.findElement(RemoteWebDriver.java:350)
at org.openqa.selenium.remote.RemoteWebDriver.findElement(RemoteWebDriver.java:344)
at org.openqa.selenium.support.pagefactory.DefaultElementLocator.findElement(DefaultElementLocator.java:68)
at org.openqa.selenium.support.pagefactory.internal.LocatingElementHandler.invoke(LocatingElementHandler.java:38)
at jdk.proxy2/jdk.proxy2.$Proxy18.click(Unknown Source)
at pom.HomePageValidation.clickSearchBtn(HomePageValidation.java:422)
at test.HomePageValidationTest.HPTC135(HomePageValidationTest.java:292)
at java.base/jdk.internal.reflect.DirectMethodHandleAccessor.invoke(DirectMethodHandleAccessor.java:104)
at java.base/java.lang.reflect.Method.invoke(Method.java:578)
at org.testng.internal.MethodInvocationHelper.invokeMethod(MethodInvocationHelper.java:133)
at org.testng.internal.TestInvoker.invokeMethod(TestInvoker.java:598)
at org.testng.internal.TestInvoker.invokeTestMethod(TestInvoker.java:173)
at org.testng.internal.MethodRunner.runInSequence(MethodRunner.java:46)
at org.testng.internal.TestInvoker$MethodInvocationAgent.invoke(TestInvoker.java:824)
at org.testng.internal.TestInvoker.invokeTestMethods(TestInvoker.java:146)
at org.testng.internal.TestMethodWorker.invokeTestMethods(TestMethodWorker.java:146)
at org.testng.internal.TestMethodWorker.run(TestMethodWorker.java:128)
at java.base/java.util.ArrayList.forEach(ArrayList.java:1511)
at org.testng.TestRunner.privateRun(TestRunner.java:794)
at org.testng.TestRunner.run(TestRunner.java:596)
at org.testng.SuiteRunner.runTest(SuiteRunner.java:377)
at org.testng.SuiteRunner.access$000(SuiteRunner.java:28)
at org.testng.SuiteRunner$SuiteWorker.run(SuiteRunner.java:418)
at org.testng.internal.thread.ThreadUtil.lambda$execute$0(ThreadUtil.java:64)
at java.base/java.util.concurrent.FutureTask.run(FutureTask.java:317)
at java.base/java.util.concurrent.ThreadPoolExecutor.runWorker(ThreadPoolExecutor.java:1144)
at java.base/java.util.concurrent.ThreadPoolExecutor$Worker.run(ThreadPoolExecutor.java:642)
at java.base/java.lang.Thread.run(Thread.java:1623)
]]>
            </full-stacktrace>
          </exception> <!-- org.openqa.selenium.NoSuchElementException -->
          <reporter-output>
          </reporter-output>
        </test-method> <!-- HPTC135 -->
        <test-method signature="HPTC136()[pri:0, instance:test.HomePageValidationTest@30ee2816]" started-at="2023-07-24T15:20:30 EDT" name="HPTC136" finished-at="2023-07-24T15:20:30 EDT" duration-ms="16" status="PASS">
          <reporter-output>
            <line>
              <![CDATA[Scrolled down]]>
            </line>
          </reporter-output>
        </test-method> <!-- HPTC136 -->
        <test-method signature="HPTC137()[pri:0, instance:test.HomePageValidationTest@30ee2816]" started-at="2023-07-24T15:20:30 EDT" name="HPTC137" finished-at="2023-07-24T15:20:30 EDT" duration-ms="20" status="FAIL">
          <exception class="org.openqa.selenium.NoSuchElementException">
            <message>
              <![CDATA[no such element: Unable to locate element: {"method":"xpath","selector":"//img[@alt='Direct My Care. Click here to log in.']"}
  (Session info: MicrosoftEdge=115.0.1901.183)
For documentation on this error, please visit: https://www.selenium.dev/documentation/webdriver/troubleshooting/errors#no-such-element-exception
Build info: version: '4.10.0', revision: 'c14d967899'
System info: os.name: 'Mac OS X', os.arch: 'x86_64', os.version: '13.2.1', java.version: '20.0.1'
Driver info: org.openqa.selenium.edge.EdgeDriver
Command: [9041ca25ab96da0547598828ee54c91d, findElement {using=xpath, value=//img[@alt='Direct My Care. Click here to log in.']}]
Capabilities {acceptInsecureCerts: false, browserName: msedge, browserVersion: 115.0.1901.183, ms:edgeOptions: {debuggerAddress: localhost:50850}, msedge: {msedgedriverVersion: 115.0.1901.183 (db29db5e66a..., userDataDir: /var/folders/sw/7_rlxsz91y1...}, networkConnectionEnabled: false, pageLoadStrategy: normal, platformName: mac, proxy: Proxy(), se:cdp: ws://localhost:50850/devtoo..., se:cdpVersion: 115.0.1901.183, setWindowRect: true, strictFileInteractability: false, timeouts: {implicit: 0, pageLoad: 300000, script: 30000}, unhandledPromptBehavior: dismiss and notify, webauthn:extension:credBlob: true, webauthn:extension:largeBlob: true, webauthn:extension:minPinLength: true, webauthn:extension:prf: true, webauthn:virtualAuthenticators: true}
Session ID: 9041ca25ab96da0547598828ee54c91d]]>
            </message>
            <full-stacktrace>
              <![CDATA[org.openqa.selenium.NoSuchElementException: no such element: Unable to locate element: {"method":"xpath","selector":"//img[@alt='Direct My Care. Click here to log in.']"}
  (Session info: MicrosoftEdge=115.0.1901.183)
For documentation on this error, please visit: https://www.selenium.dev/documentation/webdriver/troubleshooting/errors#no-such-element-exception
Build info: version: '4.10.0', revision: 'c14d967899'
System info: os.name: 'Mac OS X', os.arch: 'x86_64', os.version: '13.2.1', java.version: '20.0.1'
Driver info: org.openqa.selenium.edge.EdgeDriver
Command: [9041ca25ab96da0547598828ee54c91d, findElement {using=xpath, value=//img[@alt='Direct My Care. Click here to log in.']}]
Capabilities {acceptInsecureCerts: false, browserName: msedge, browserVersion: 115.0.1901.183, ms:edgeOptions: {debuggerAddress: localhost:50850}, msedge: {msedgedriverVersion: 115.0.1901.183 (db29db5e66a..., userDataDir: /var/folders/sw/7_rlxsz91y1...}, networkConnectionEnabled: false, pageLoadStrategy: normal, platformName: mac, proxy: Proxy(), se:cdp: ws://localhost:50850/devtoo..., se:cdpVersion: 115.0.1901.183, setWindowRect: true, strictFileInteractability: false, timeouts: {implicit: 0, pageLoad: 300000, script: 30000}, unhandledPromptBehavior: dismiss and notify, webauthn:extension:credBlob: true, webauthn:extension:largeBlob: true, webauthn:extension:minPinLength: true, webauthn:extension:prf: true, webauthn:virtualAuthenticators: true}
Session ID: 9041ca25ab96da0547598828ee54c91d
at java.base/jdk.internal.reflect.DirectConstructorHandleAccessor.newInstance(DirectConstructorHandleAccessor.java:67)
at java.base/java.lang.reflect.Constructor.newInstanceWithCaller(Constructor.java:500)
at java.base/java.lang.reflect.Constructor.newInstance(Constructor.java:484)
at org.openqa.selenium.remote.codec.w3c.W3CHttpResponseCodec.createException(W3CHttpResponseCodec.java:199)
at org.openqa.selenium.remote.codec.w3c.W3CHttpResponseCodec.decode(W3CHttpResponseCodec.java:132)
at org.openqa.selenium.remote.codec.w3c.W3CHttpResponseCodec.decode(W3CHttpResponseCodec.java:51)
at org.openqa.selenium.remote.HttpCommandExecutor.execute(HttpCommandExecutor.java:191)
at org.openqa.selenium.remote.service.DriverCommandExecutor.invokeExecute(DriverCommandExecutor.java:196)
at org.openqa.selenium.remote.service.DriverCommandExecutor.execute(DriverCommandExecutor.java:171)
at org.openqa.selenium.remote.RemoteWebDriver.execute(RemoteWebDriver.java:531)
at org.openqa.selenium.remote.ElementLocation$ElementFinder$2.findElement(ElementLocation.java:165)
at org.openqa.selenium.remote.ElementLocation.findElement(ElementLocation.java:59)
at org.openqa.selenium.remote.RemoteWebDriver.findElement(RemoteWebDriver.java:350)
at org.openqa.selenium.remote.RemoteWebDriver.findElement(RemoteWebDriver.java:344)
at org.openqa.selenium.support.pagefactory.DefaultElementLocator.findElement(DefaultElementLocator.java:68)
at org.openqa.selenium.support.pagefactory.internal.LocatingElementHandler.invoke(LocatingElementHandler.java:38)
at jdk.proxy2/jdk.proxy2.$Proxy18.click(Unknown Source)
at pom.HomePageValidation.clickHereToLogin(HomePageValidation.java:455)
at test.HomePageValidationTest.HPTC137(HomePageValidationTest.java:312)
at java.base/jdk.internal.reflect.DirectMethodHandleAccessor.invoke(DirectMethodHandleAccessor.java:104)
at java.base/java.lang.reflect.Method.invoke(Method.java:578)
at org.testng.internal.MethodInvocationHelper.invokeMethod(MethodInvocationHelper.java:133)
at org.testng.internal.TestInvoker.invokeMethod(TestInvoker.java:598)
at org.testng.internal.TestInvoker.invokeTestMethod(TestInvoker.java:173)
at org.testng.internal.MethodRunner.runInSequence(MethodRunner.java:46)
at org.testng.internal.TestInvoker$MethodInvocationAgent.invoke(TestInvoker.java:824)
at org.testng.internal.TestInvoker.invokeTestMethods(TestInvoker.java:146)
at org.testng.internal.TestMethodWorker.invokeTestMethods(TestMethodWorker.java:146)
at org.testng.internal.TestMethodWorker.run(TestMethodWorker.java:128)
at java.base/java.util.ArrayList.forEach(ArrayList.java:1511)
at org.testng.TestRunner.privateRun(TestRunner.java:794)
at org.testng.TestRunner.run(TestRunner.java:596)
at org.testng.SuiteRunner.runTest(SuiteRunner.java:377)
at org.testng.SuiteRunner.access$000(SuiteRunner.java:28)
at org.testng.SuiteRunner$SuiteWorker.run(SuiteRunner.java:418)
at org.testng.internal.thread.ThreadUtil.lambda$execute$0(ThreadUtil.java:64)
at java.base/java.util.concurrent.FutureTask.run(FutureTask.java:317)
at java.base/java.util.concurrent.ThreadPoolExecutor.runWorker(ThreadPoolExecutor.java:1144)
at java.base/java.util.concurrent.ThreadPoolExecutor$Worker.run(ThreadPoolExecutor.java:642)
at java.base/java.lang.Thread.run(Thread.java:1623)
]]>
            </full-stacktrace>
          </exception> <!-- org.openqa.selenium.NoSuchElementException -->
          <reporter-output>
          </reporter-output>
        </test-method> <!-- HPTC137 -->
        <test-method signature="HPTC138()[pri:0, instance:test.HomePageValidationTest@30ee2816]" started-at="2023-07-24T15:20:30 EDT" name="HPTC138" finished-at="2023-07-24T15:20:30 EDT" duration-ms="52" status="PASS">
          <reporter-output>
            <line>
              <![CDATA[Sign in button clicked]]>
            </line>
          </reporter-output>
        </test-method> <!-- HPTC138 -->
        <test-method signature="HPTC139(java.lang.String,java.lang.String)[pri:0, instance:test.HomePageValidationTest@30ee2816]" started-at="2023-07-24T15:20:30 EDT" name="HPTC139" finished-at="2023-07-24T15:20:33 EDT" duration-ms="2996" status="PASS">
          <params>
            <param index="0">
              <value>
                <![CDATA[test@gmail.com]]>
              </value>
            </param>
            <param index="1">
              <value>
                <![CDATA[test1234!]]>
              </value>
            </param>
          </params>
          <reporter-output>
            <line>
              <![CDATA[Log in with invalid email and invalid password]]>
            </line>
            <line>
              <![CDATA[Error message is displayed = false]]>
            </line>
          </reporter-output>
        </test-method> <!-- HPTC139 -->
      </class> <!-- test.HomePageValidationTest -->
    </test> <!-- FirefoxTest -->
  </suite> <!-- Suite -->
</testng-results>
